#
# There is insufficient memory for the Java Runtime Environment to continue.
# Native memory allocation (mmap) failed to map 65536 bytes for Failed to commit metaspace.
# Possible reasons:
#   The system is out of physical RAM or swap space
#   The process is running with CompressedOops enabled, and the Java Heap may be blocking the growth of the native heap
# Possible solutions:
#   Reduce memory load on the system
#   Increase physical memory or swap space
#   Check if swap backing store is full
#   Decrease Java heap size (-Xmx/-Xms)
#   Decrease number of Java threads
#   Decrease Java thread stack sizes (-Xss)
#   Set larger code cache with -XX:ReservedCodeCacheSize=
#   JVM is running with Unscaled Compressed Oops mode in which the Java heap is
#     placed in the first 4GB address space. The Java Heap base address is the
#     maximum limit for the native heap growth. Please use -XX:HeapBaseMinAddress
#     to set the Java Heap base and to place the Java Heap above 4GB virtual address.
# This output file may be truncated or incomplete.
#
#  Out of Memory Error (virtualSpaceNode.cpp:110), pid=92284, tid=93816
#
# JRE version: OpenJDK Runtime Environment Microsoft-8902769 (17.0.10+7) (build 17.0.10+7-LTS)
# Java VM: OpenJDK 64-Bit Server VM Microsoft-8902769 (17.0.10+7-LTS, mixed mode, sharing, tiered, compressed oops, compressed class ptrs, g1 gc, windows-amd64)
# No core dump will be written. Minidumps are not enabled by default on client versions of Windows
#

---------------  S U M M A R Y ------------

Command Line: -Xmx64m -Xms64m -Dorg.gradle.appname=gradlew org.gradle.wrapper.GradleWrapperMain app:bundleRelease

Host: 11th Gen Intel(R) Core(TM) i3-1115G4 @ 3.00GHz, 4 cores, 7G,  Windows 10 , 64 bit Build 21996 (10.0.21996.1)
Time: Mon Jun 16 12:15:20 2025 India Standard Time elapsed time: 38.267620 seconds (0d 0h 0m 38s)

---------------  T H R E A D  ---------------

Current thread (0x000001d817ef9d70):  JavaThread "C1 CompilerThread0" daemon [_thread_in_vm, id=93816, stack(0x000000697d300000,0x000000697d400000)]


Current CompileTask:
C1:  38267 1725       3       java.lang.Integer::toString (8 bytes)

Stack: [0x000000697d300000,0x000000697d400000]
Native frames: (J=compiled Java code, j=interpreted, Vv=VM code, C=native code)
V  [jvm.dll+0x67f829]
V  [jvm.dll+0x83750a]
V  [jvm.dll+0x838fce]
V  [jvm.dll+0x839633]
V  [jvm.dll+0x247cbf]
V  [jvm.dll+0x8331cb]
V  [jvm.dll+0x624286]
V  [jvm.dll+0x6242ea]
V  [jvm.dll+0x626b1a]
V  [jvm.dll+0x624c26]
V  [jvm.dll+0x635f5a]
V  [jvm.dll+0x62ed3a]
V  [jvm.dll+0x1cdc80]
V  [jvm.dll+0x1cde70]
V  [jvm.dll+0x135c8e]
V  [jvm.dll+0x135fb6]
V  [jvm.dll+0x13544a]
V  [jvm.dll+0x137101]
V  [jvm.dll+0x22957e]
V  [jvm.dll+0x22774c]
V  [jvm.dll+0x7ec5d7]
V  [jvm.dll+0x7e69da]
V  [jvm.dll+0x67e715]
C  [ucrtbase.dll+0x26c0c]
C  [KERNEL32.DLL+0x154e0]
C  [ntdll.dll+0x485b]


---------------  P R O C E S S  ---------------

Threads class SMR info:
_java_thread_list=0x000001d8745fde00, length=13, elements={
0x000001d817e411e0, 0x000001d817ed2a10, 0x000001d817ed35d0, 0x000001d817eeda70,
0x000001d817ef0050, 0x000001d817ef0620, 0x000001d817ef2c00, 0x000001d817ef4bc0,
0x000001d817ef9d70, 0x000001d817efe2a0, 0x000001d874249ab0, 0x000001d87424d250,
0x000001d8793fba30
}

Java Threads: ( => current thread )
  0x000001d817e411e0 JavaThread "main" [_thread_in_native, id=99272, stack(0x000000697c500000,0x000000697c600000)]
  0x000001d817ed2a10 JavaThread "Reference Handler" daemon [_thread_blocked, id=42280, stack(0x000000697cc00000,0x000000697cd00000)]
  0x000001d817ed35d0 JavaThread "Finalizer" daemon [_thread_blocked, id=95236, stack(0x000000697cd00000,0x000000697ce00000)]
  0x000001d817eeda70 JavaThread "Signal Dispatcher" daemon [_thread_blocked, id=97180, stack(0x000000697ce00000,0x000000697cf00000)]
  0x000001d817ef0050 JavaThread "Attach Listener" daemon [_thread_blocked, id=81492, stack(0x000000697cf00000,0x000000697d000000)]
  0x000001d817ef0620 JavaThread "Service Thread" daemon [_thread_blocked, id=94096, stack(0x000000697d000000,0x000000697d100000)]
  0x000001d817ef2c00 JavaThread "Monitor Deflation Thread" daemon [_thread_blocked, id=93528, stack(0x000000697d100000,0x000000697d200000)]
  0x000001d817ef4bc0 JavaThread "C2 CompilerThread0" daemon [_thread_blocked, id=86492, stack(0x000000697d200000,0x000000697d300000)]
=>0x000001d817ef9d70 JavaThread "C1 CompilerThread0" daemon [_thread_in_vm, id=93816, stack(0x000000697d300000,0x000000697d400000)]
  0x000001d817efe2a0 JavaThread "Sweeper thread" daemon [_thread_blocked, id=78756, stack(0x000000697d400000,0x000000697d500000)]
  0x000001d874249ab0 JavaThread "Notification Thread" daemon [_thread_blocked, id=97300, stack(0x000000697d500000,0x000000697d600000)]
  0x000001d87424d250 JavaThread "Common-Cleaner" daemon [_thread_blocked, id=91508, stack(0x000000697d700000,0x000000697d800000)]
  0x000001d8793fba30 JavaThread "pool-1-thread-1" [_thread_blocked, id=92760, stack(0x000000697dd00000,0x000000697de00000)]

Other Threads:
  0x000001d817ece7c0 VMThread "VM Thread" [stack: 0x000000697cb00000,0x000000697cc00000] [id=97256]
  0x000001d87424bfa0 WatcherThread [stack: 0x000000697d600000,0x000000697d700000] [id=96540]
  0x000001d817e608b0 GCTaskThread "GC Thread#0" [stack: 0x000000697c600000,0x000000697c700000] [id=94024]
  0x000001d874417150 GCTaskThread "GC Thread#1" [stack: 0x000000697d800000,0x000000697d900000] [id=97012]
  0x000001d874596a00 GCTaskThread "GC Thread#2" [stack: 0x000000697d900000,0x000000697da00000] [id=97780]
  0x000001d874596cc0 GCTaskThread "GC Thread#3" [stack: 0x000000697da00000,0x000000697db00000] [id=86580]
  0x000001d817e62000 ConcurrentGCThread "G1 Main Marker" [stack: 0x000000697c700000,0x000000697c800000] [id=81804]
  0x000001d817e62a20 ConcurrentGCThread "G1 Conc#0" [stack: 0x000000697c800000,0x000000697c900000] [id=94084]
  0x000001d817eb0e80 ConcurrentGCThread "G1 Refine#0" [stack: 0x000000697c900000,0x000000697ca00000] [id=98960]
  0x000001d8792d32e0 ConcurrentGCThread "G1 Refine#1" [stack: 0x000000697dc00000,0x000000697dd00000] [id=96504]
  0x000001d817eb18b0 ConcurrentGCThread "G1 Service" [stack: 0x000000697ca00000,0x000000697cb00000] [id=95344]

Threads with active compile tasks:
C1 CompilerThread0    38288 1725       3       java.lang.Integer::toString (8 bytes)

VM state: not at safepoint (normal execution)

VM Mutex/Monitor currently owned by a thread:  ([mutex/lock_event])
[0x000001d817e3d8a0] Metaspace_lock - owner thread: 0x000001d817ef9d70
[0x000001d817e3cc40] MethodData_lock - owner thread: 0x000001d817ef9d70

Heap address: 0x00000000fc000000, size: 64 MB, Compressed Oops mode: 32-bit

CDS archive(s) mapped at: [0x000001d833000000-0x000001d833bb0000-0x000001d833bb0000), size 12255232, SharedBaseAddress: 0x000001d833000000, ArchiveRelocationMode: 1.
Compressed class space mapped at: 0x000001d834000000-0x000001d874000000, reserved size: 1073741824
Narrow klass base: 0x000001d833000000, Narrow klass shift: 0, Narrow klass range: 0x100000000

GC Precious Log:
 CPUs: 4 total, 4 available
 Memory: 7991M
 Large Page Support: Disabled
 NUMA Support: Disabled
 Compressed Oops: Enabled (32-bit)
 Heap Region Size: 1M
 Heap Min Capacity: 64M
 Heap Initial Capacity: 64M
 Heap Max Capacity: 64M
 Pre-touch: Disabled
 Parallel Workers: 4
 Concurrent Workers: 1
 Concurrent Refinement Workers: 4
 Periodic GC: Disabled

Heap:
 garbage-first heap   total 65536K, used 35316K [0x00000000fc000000, 0x0000000100000000)
  region size 1024K, 29 young (29696K), 3 survivors (3072K)
 Metaspace       used 9239K, committed 9408K, reserved 1114112K
  class space    used 1231K, committed 1344K, reserved 1048576K

Heap Regions: E=young(eden), S=young(survivor), O=old, HS=humongous(starts), HC=humongous(continues), CS=collection set, F=free, OA=open archive, CA=closed archive, TAMS=top-at-mark-start (previous, next)
|   0|0x00000000fc000000, 0x00000000fc100000, 0x00000000fc100000|100%|HS|  |TAMS 0x00000000fc000000, 0x00000000fc000000| Complete 
|   1|0x00000000fc100000, 0x00000000fc200000, 0x00000000fc200000|100%|HC|  |TAMS 0x00000000fc100000, 0x00000000fc100000| Complete 
|   2|0x00000000fc200000, 0x00000000fc300000, 0x00000000fc300000|100%|HC|  |TAMS 0x00000000fc200000, 0x00000000fc200000| Complete 
|   3|0x00000000fc300000, 0x00000000fc400000, 0x00000000fc400000|100%| O|  |TAMS 0x00000000fc300000, 0x00000000fc300000| Untracked 
|   4|0x00000000fc400000, 0x00000000fc500000, 0x00000000fc500000|100%| O|  |TAMS 0x00000000fc400000, 0x00000000fc400000| Untracked 
|   5|0x00000000fc500000, 0x00000000fc600000, 0x00000000fc600000|100%| O|  |TAMS 0x00000000fc500000, 0x00000000fc500000| Untracked 
|   6|0x00000000fc600000, 0x00000000fc67d200, 0x00000000fc700000| 48%| O|  |TAMS 0x00000000fc600000, 0x00000000fc600000| Untracked 
|   7|0x00000000fc700000, 0x00000000fc700000, 0x00000000fc800000|  0%| F|  |TAMS 0x00000000fc700000, 0x00000000fc700000| Untracked 
|   8|0x00000000fc800000, 0x00000000fc800000, 0x00000000fc900000|  0%| F|  |TAMS 0x00000000fc800000, 0x00000000fc800000| Untracked 
|   9|0x00000000fc900000, 0x00000000fc900000, 0x00000000fca00000|  0%| F|  |TAMS 0x00000000fc900000, 0x00000000fc900000| Untracked 
|  10|0x00000000fca00000, 0x00000000fca00000, 0x00000000fcb00000|  0%| F|  |TAMS 0x00000000fca00000, 0x00000000fca00000| Untracked 
|  11|0x00000000fcb00000, 0x00000000fcb00000, 0x00000000fcc00000|  0%| F|  |TAMS 0x00000000fcb00000, 0x00000000fcb00000| Untracked 
|  12|0x00000000fcc00000, 0x00000000fcc00000, 0x00000000fcd00000|  0%| F|  |TAMS 0x00000000fcc00000, 0x00000000fcc00000| Untracked 
|  13|0x00000000fcd00000, 0x00000000fcd00000, 0x00000000fce00000|  0%| F|  |TAMS 0x00000000fcd00000, 0x00000000fcd00000| Untracked 
|  14|0x00000000fce00000, 0x00000000fce00000, 0x00000000fcf00000|  0%| F|  |TAMS 0x00000000fce00000, 0x00000000fce00000| Untracked 
|  15|0x00000000fcf00000, 0x00000000fcf00000, 0x00000000fd000000|  0%| F|  |TAMS 0x00000000fcf00000, 0x00000000fcf00000| Untracked 
|  16|0x00000000fd000000, 0x00000000fd000000, 0x00000000fd100000|  0%| F|  |TAMS 0x00000000fd000000, 0x00000000fd000000| Untracked 
|  17|0x00000000fd100000, 0x00000000fd100000, 0x00000000fd200000|  0%| F|  |TAMS 0x00000000fd100000, 0x00000000fd100000| Untracked 
|  18|0x00000000fd200000, 0x00000000fd200000, 0x00000000fd300000|  0%| F|  |TAMS 0x00000000fd200000, 0x00000000fd200000| Untracked 
|  19|0x00000000fd300000, 0x00000000fd300000, 0x00000000fd400000|  0%| F|  |TAMS 0x00000000fd300000, 0x00000000fd300000| Untracked 
|  20|0x00000000fd400000, 0x00000000fd400000, 0x00000000fd500000|  0%| F|  |TAMS 0x00000000fd400000, 0x00000000fd400000| Untracked 
|  21|0x00000000fd500000, 0x00000000fd500000, 0x00000000fd600000|  0%| F|  |TAMS 0x00000000fd500000, 0x00000000fd500000| Untracked 
|  22|0x00000000fd600000, 0x00000000fd600000, 0x00000000fd700000|  0%| F|  |TAMS 0x00000000fd600000, 0x00000000fd600000| Untracked 
|  23|0x00000000fd700000, 0x00000000fd700000, 0x00000000fd800000|  0%| F|  |TAMS 0x00000000fd700000, 0x00000000fd700000| Untracked 
|  24|0x00000000fd800000, 0x00000000fd800000, 0x00000000fd900000|  0%| F|  |TAMS 0x00000000fd800000, 0x00000000fd800000| Untracked 
|  25|0x00000000fd900000, 0x00000000fd900000, 0x00000000fda00000|  0%| F|  |TAMS 0x00000000fd900000, 0x00000000fd900000| Untracked 
|  26|0x00000000fda00000, 0x00000000fda00000, 0x00000000fdb00000|  0%| F|  |TAMS 0x00000000fda00000, 0x00000000fda00000| Untracked 
|  27|0x00000000fdb00000, 0x00000000fdb00000, 0x00000000fdc00000|  0%| F|  |TAMS 0x00000000fdb00000, 0x00000000fdb00000| Untracked 
|  28|0x00000000fdc00000, 0x00000000fdc00000, 0x00000000fdd00000|  0%| F|  |TAMS 0x00000000fdc00000, 0x00000000fdc00000| Untracked 
|  29|0x00000000fdd00000, 0x00000000fdd00000, 0x00000000fde00000|  0%| F|  |TAMS 0x00000000fdd00000, 0x00000000fdd00000| Untracked 
|  30|0x00000000fde00000, 0x00000000fde00000, 0x00000000fdf00000|  0%| F|  |TAMS 0x00000000fde00000, 0x00000000fde00000| Untracked 
|  31|0x00000000fdf00000, 0x00000000fdf00000, 0x00000000fe000000|  0%| F|  |TAMS 0x00000000fdf00000, 0x00000000fdf00000| Untracked 
|  32|0x00000000fe000000, 0x00000000fe000000, 0x00000000fe100000|  0%| F|  |TAMS 0x00000000fe000000, 0x00000000fe000000| Untracked 
|  33|0x00000000fe100000, 0x00000000fe100000, 0x00000000fe200000|  0%| F|  |TAMS 0x00000000fe100000, 0x00000000fe100000| Untracked 
|  34|0x00000000fe200000, 0x00000000fe200000, 0x00000000fe300000|  0%| F|  |TAMS 0x00000000fe200000, 0x00000000fe200000| Untracked 
|  35|0x00000000fe300000, 0x00000000fe35a1b0, 0x00000000fe400000| 35%| E|  |TAMS 0x00000000fe300000, 0x00000000fe300000| Complete 
|  36|0x00000000fe400000, 0x00000000fe500000, 0x00000000fe500000|100%| E|CS|TAMS 0x00000000fe400000, 0x00000000fe400000| Complete 
|  37|0x00000000fe500000, 0x00000000fe600000, 0x00000000fe600000|100%| E|CS|TAMS 0x00000000fe500000, 0x00000000fe500000| Complete 
|  38|0x00000000fe600000, 0x00000000fe700000, 0x00000000fe700000|100%| E|CS|TAMS 0x00000000fe600000, 0x00000000fe600000| Complete 
|  39|0x00000000fe700000, 0x00000000fe800000, 0x00000000fe800000|100%| E|CS|TAMS 0x00000000fe700000, 0x00000000fe700000| Complete 
|  40|0x00000000fe800000, 0x00000000fe900000, 0x00000000fe900000|100%| E|CS|TAMS 0x00000000fe800000, 0x00000000fe800000| Complete 
|  41|0x00000000fe900000, 0x00000000fea00000, 0x00000000fea00000|100%| S|CS|TAMS 0x00000000fe900000, 0x00000000fe900000| Complete 
|  42|0x00000000fea00000, 0x00000000feb00000, 0x00000000feb00000|100%| S|CS|TAMS 0x00000000fea00000, 0x00000000fea00000| Complete 
|  43|0x00000000feb00000, 0x00000000fec00000, 0x00000000fec00000|100%| S|CS|TAMS 0x00000000feb00000, 0x00000000feb00000| Complete 
|  44|0x00000000fec00000, 0x00000000fed00000, 0x00000000fed00000|100%| E|CS|TAMS 0x00000000fec00000, 0x00000000fec00000| Complete 
|  45|0x00000000fed00000, 0x00000000fee00000, 0x00000000fee00000|100%| E|CS|TAMS 0x00000000fed00000, 0x00000000fed00000| Complete 
|  46|0x00000000fee00000, 0x00000000fef00000, 0x00000000fef00000|100%| E|CS|TAMS 0x00000000fee00000, 0x00000000fee00000| Complete 
|  47|0x00000000fef00000, 0x00000000ff000000, 0x00000000ff000000|100%| E|CS|TAMS 0x00000000fef00000, 0x00000000fef00000| Complete 
|  48|0x00000000ff000000, 0x00000000ff100000, 0x00000000ff100000|100%| E|CS|TAMS 0x00000000ff000000, 0x00000000ff000000| Complete 
|  49|0x00000000ff100000, 0x00000000ff200000, 0x00000000ff200000|100%| E|CS|TAMS 0x00000000ff100000, 0x00000000ff100000| Complete 
|  50|0x00000000ff200000, 0x00000000ff300000, 0x00000000ff300000|100%| E|CS|TAMS 0x00000000ff200000, 0x00000000ff200000| Complete 
|  51|0x00000000ff300000, 0x00000000ff400000, 0x00000000ff400000|100%| E|CS|TAMS 0x00000000ff300000, 0x00000000ff300000| Complete 
|  52|0x00000000ff400000, 0x00000000ff500000, 0x00000000ff500000|100%| E|CS|TAMS 0x00000000ff400000, 0x00000000ff400000| Complete 
|  53|0x00000000ff500000, 0x00000000ff600000, 0x00000000ff600000|100%| E|CS|TAMS 0x00000000ff500000, 0x00000000ff500000| Complete 
|  54|0x00000000ff600000, 0x00000000ff700000, 0x00000000ff700000|100%| E|CS|TAMS 0x00000000ff600000, 0x00000000ff600000| Complete 
|  55|0x00000000ff700000, 0x00000000ff800000, 0x00000000ff800000|100%| E|CS|TAMS 0x00000000ff700000, 0x00000000ff700000| Complete 
|  56|0x00000000ff800000, 0x00000000ff900000, 0x00000000ff900000|100%| E|CS|TAMS 0x00000000ff800000, 0x00000000ff800000| Complete 
|  57|0x00000000ff900000, 0x00000000ffa00000, 0x00000000ffa00000|100%| E|CS|TAMS 0x00000000ff900000, 0x00000000ff900000| Complete 
|  58|0x00000000ffa00000, 0x00000000ffb00000, 0x00000000ffb00000|100%| E|CS|TAMS 0x00000000ffa00000, 0x00000000ffa00000| Complete 
|  59|0x00000000ffb00000, 0x00000000ffc00000, 0x00000000ffc00000|100%| E|CS|TAMS 0x00000000ffb00000, 0x00000000ffb00000| Complete 
|  60|0x00000000ffc00000, 0x00000000ffd00000, 0x00000000ffd00000|100%| E|CS|TAMS 0x00000000ffc00000, 0x00000000ffc00000| Complete 
|  61|0x00000000ffd00000, 0x00000000ffe00000, 0x00000000ffe00000|100%| E|CS|TAMS 0x00000000ffd00000, 0x00000000ffd00000| Complete 
|  62|0x00000000ffe00000, 0x00000000fff00000, 0x00000000fff00000|100%| E|CS|TAMS 0x00000000ffe00000, 0x00000000ffe00000| Complete 
|  63|0x00000000fff00000, 0x0000000100000000, 0x0000000100000000|100%| E|CS|TAMS 0x00000000fff00000, 0x00000000fff00000| Complete 

Card table byte_map: [0x000001d830780000,0x000001d8307a0000] _byte_map_base: 0x000001d82ffa0000

Marking Bits (Prev, Next): (CMBitMap*) 0x000001d817e60ed0, (CMBitMap*) 0x000001d817e60f10
 Prev Bits: [0x000001d8307c0000, 0x000001d8308c0000)
 Next Bits: [0x000001d8308c0000, 0x000001d8309c0000)

Polling page: 0x000001d817f00000

Metaspace:

Usage:
  Non-class:      7.82 MB used.
      Class:      1.20 MB used.
       Both:      9.02 MB used.

Virtual space:
  Non-class space:       64.00 MB reserved,       7.88 MB ( 12%) committed,  1 nodes.
      Class space:        1.00 GB reserved,       1.31 MB ( <1%) committed,  1 nodes.
             Both:        1.06 GB reserved,       9.19 MB ( <1%) committed. 

Chunk freelists:
   Non-Class:  7.75 MB
       Class:  14.51 MB
        Both:  22.26 MB

MaxMetaspaceSize: unlimited
CompressedClassSpaceSize: 1.00 GB
Initial GC threshold: 21.00 MB
Current GC threshold: 21.00 MB
CDS: on
MetaspaceReclaimPolicy: balanced
 - commit_granule_bytes: 65536.
 - commit_granule_words: 8192.
 - virtual_space_node_default_size: 8388608.
 - enlarge_chunks_in_place: 1.
 - new_chunks_are_fully_committed: 0.
 - uncommit_free_chunks: 1.
 - use_allocation_guard: 0.
 - handle_deallocations: 1.


Internal statistics:

num_allocs_failed_limit: 0.
num_arena_births: 78.
num_arena_deaths: 0.
num_vsnodes_births: 2.
num_vsnodes_deaths: 0.
num_space_committed: 147.
num_space_uncommitted: 0.
num_chunks_returned_to_freelist: 0.
num_chunks_taken_from_freelist: 343.
num_chunk_merges: 0.
num_chunk_splits: 224.
num_chunks_enlarged: 176.
num_inconsistent_stats: 0.

CodeHeap 'non-profiled nmethods': size=120000Kb used=733Kb max_used=733Kb free=119266Kb
 bounds [0x000001d828c30000, 0x000001d828ea0000, 0x000001d830160000]
CodeHeap 'profiled nmethods': size=120000Kb used=3267Kb max_used=3267Kb free=116732Kb
 bounds [0x000001d821160000, 0x000001d8214a0000, 0x000001d828690000]
CodeHeap 'non-nmethods': size=5760Kb used=1179Kb max_used=1201Kb free=4580Kb
 bounds [0x000001d828690000, 0x000001d828900000, 0x000001d828c30000]
 total_blobs=2187 nmethods=1724 adapters=376
 compilation: enabled
              stopped_count=0, restarted_count=0
 full_count=0

Compilation events (20 events):
Event: 32.279 Thread 0x000001d817ef9d70 nmethod 1715 0x000001d82148ad10 code [0x000001d82148aea0, 0x000001d82148afb8]
Event: 32.279 Thread 0x000001d817ef9d70 1716       3       org.gradle.internal.logging.text.AbstractLineChoppingStyledTextOutput::access$700 (4 bytes)
Event: 32.279 Thread 0x000001d817ef9d70 nmethod 1716 0x000001d82148b090 code [0x000001d82148b220, 0x000001d82148b318]
Event: 32.279 Thread 0x000001d817ef9d70 1717       3       org.gradle.internal.logging.text.AbstractLineChoppingStyledTextOutput$3::execute (9 bytes)
Event: 32.280 Thread 0x000001d817ef9d70 nmethod 1717 0x000001d82148b390 code [0x000001d82148b540, 0x000001d82148b788]
Event: 32.280 Thread 0x000001d817ef9d70 1718       1       org.gradle.internal.logging.sink.GroupingProgressLogEventGenerator::access$500 (5 bytes)
Event: 32.280 Thread 0x000001d817ef9d70 nmethod 1718 0x000001d828ce7290 code [0x000001d828ce7420, 0x000001d828ce74d8]
Event: 32.280 Thread 0x000001d817ef9d70 1719       3       java.nio.CharBuffer::<init> (24 bytes)
Event: 32.280 Thread 0x000001d817ef9d70 nmethod 1719 0x000001d82148b890 code [0x000001d82148ba40, 0x000001d82148bbe8]
Event: 32.280 Thread 0x000001d817ef9d70 1720       3       org.gradle.internal.logging.text.AbstractLineChoppingStyledTextOutput$SeenFromEol::add (18 bytes)
Event: 32.280 Thread 0x000001d817ef9d70 nmethod 1720 0x000001d82148bc90 code [0x000001d82148be20, 0x000001d82148bf58]
Event: 32.281 Thread 0x000001d817ef9d70 1721       3       org.gradle.internal.logging.text.AbstractLineChoppingStyledTextOutput$StateContext::next (11 bytes)
Event: 32.281 Thread 0x000001d817ef9d70 nmethod 1721 0x000001d82148c010 code [0x000001d82148c1a0, 0x000001d82148c2b8]
Event: 32.282 Thread 0x000001d817ef9d70 1722       3       sun.nio.cs.SingleByte$Encoder::encodeArrayLoop (280 bytes)
Event: 32.283 Thread 0x000001d817ef9d70 nmethod 1722 0x000001d82148c390 code [0x000001d82148c8a0, 0x000001d82148f0c8]
Event: 32.287 Thread 0x000001d817ef9d70 1723       3       org.fusesource.jansi.Ansi::appendEscapeSequence (44 bytes)
Event: 32.287 Thread 0x000001d817ef9d70 nmethod 1723 0x000001d82148fe90 code [0x000001d821490080, 0x000001d821490488]
Event: 34.569 Thread 0x000001d817ef9d70 1724       3       java.util.concurrent.locks.AbstractQueuedSynchronizer$Node::getAndUnsetStatus (14 bytes)
Event: 34.570 Thread 0x000001d817ef9d70 nmethod 1724 0x000001d821490710 code [0x000001d8214908c0, 0x000001d821490bc8]
Event: 38.265 Thread 0x000001d817ef9d70 1725       3       java.lang.Integer::toString (8 bytes)

GC Heap History (4 events):
Event: 0.268 GC heap before
{Heap before GC invocations=0 (full 0):
 garbage-first heap   total 65536K, used 12288K [0x00000000fc000000, 0x0000000100000000)
  region size 1024K, 13 young (13312K), 0 survivors (0K)
 Metaspace       used 1647K, committed 1792K, reserved 1114112K
  class space    used 156K, committed 192K, reserved 1048576K
}
Event: 0.272 GC heap after
{Heap after GC invocations=1 (full 0):
 garbage-first heap   total 65536K, used 1480K [0x00000000fc000000, 0x0000000100000000)
  region size 1024K, 2 young (2048K), 2 survivors (2048K)
 Metaspace       used 1647K, committed 1792K, reserved 1114112K
  class space    used 156K, committed 192K, reserved 1048576K
}
Event: 0.556 GC heap before
{Heap before GC invocations=1 (full 0):
 garbage-first heap   total 65536K, used 21960K [0x00000000fc000000, 0x0000000100000000)
  region size 1024K, 20 young (20480K), 2 survivors (2048K)
 Metaspace       used 2382K, committed 2560K, reserved 1114112K
  class space    used 236K, committed 320K, reserved 1048576K
}
Event: 0.560 GC heap after
{Heap after GC invocations=2 (full 0):
 garbage-first heap   total 65536K, used 9716K [0x00000000fc000000, 0x0000000100000000)
  region size 1024K, 3 young (3072K), 3 survivors (3072K)
 Metaspace       used 2382K, committed 2560K, reserved 1114112K
  class space    used 236K, committed 320K, reserved 1048576K
}

Dll operation events (13 events):
Event: 0.008 Loaded shared library C:\Program Files\Microsoft\jdk-17.0.10.7-hotspot\bin\java.dll
Event: 0.032 Loaded shared library C:\Program Files\Microsoft\jdk-17.0.10.7-hotspot\bin\jsvml.dll
Event: 0.060 Loaded shared library C:\Program Files\Microsoft\jdk-17.0.10.7-hotspot\bin\net.dll
Event: 0.061 Loaded shared library C:\Program Files\Microsoft\jdk-17.0.10.7-hotspot\bin\nio.dll
Event: 0.063 Loaded shared library C:\Program Files\Microsoft\jdk-17.0.10.7-hotspot\bin\zip.dll
Event: 0.066 Loaded shared library C:\Program Files\Microsoft\jdk-17.0.10.7-hotspot\bin\verify.dll
Event: 0.329 Loaded shared library C:\Program Files\Microsoft\jdk-17.0.10.7-hotspot\bin\jimage.dll
Event: 0.667 Loaded shared library C:\Program Files\Microsoft\jdk-17.0.10.7-hotspot\bin\management.dll
Event: 0.670 Loaded shared library C:\Program Files\Microsoft\jdk-17.0.10.7-hotspot\bin\management_ext.dll
Event: 0.711 Loaded shared library C:\Users\Lenovo\.gradle\native\1def1411415f61bf3af743bc5b6707747c0891f09f0c88961ee8f79bc544acac\windows-amd64\native-platform.dll
Event: 0.745 Loaded shared library C:\Users\Lenovo\.gradle\native\jansi\1.18\windows64\jansi.dll
Event: 0.911 Loaded shared library C:\Program Files\Microsoft\jdk-17.0.10.7-hotspot\bin\extnet.dll
Event: 1.081 Loaded shared library C:\Program Files\Microsoft\jdk-17.0.10.7-hotspot\bin\sunmscapi.dll

Deoptimization events (20 events):
Event: 1.012 Thread 0x000001d817e411e0 Uncommon trap: trap_request=0xffffff45 fr.pc=0x000001d828ca93dc relative=0x0000000000001c1c
Event: 1.012 Thread 0x000001d817e411e0 Uncommon trap: reason=unstable_if action=reinterpret pc=0x000001d828ca93dc method=java.io.WinNTFileSystem.normalize(Ljava/lang/String;)Ljava/lang/String; @ 128 c2
Event: 1.012 Thread 0x000001d817e411e0 DEOPT PACKING pc=0x000001d828ca93dc sp=0x000000697c5fc490
Event: 1.012 Thread 0x000001d817e411e0 DEOPT UNPACKING pc=0x000001d8286ea1a3 sp=0x000000697c5fc478 mode 2
Event: 1.035 Thread 0x000001d817e411e0 Uncommon trap: trap_request=0xffffff45 fr.pc=0x000001d828c79b48 relative=0x0000000000000688
Event: 1.035 Thread 0x000001d817e411e0 Uncommon trap: reason=unstable_if action=reinterpret pc=0x000001d828c79b48 method=java.lang.AbstractStringBuilder.append(Ljava/lang/String;)Ljava/lang/AbstractStringBuilder; @ 1 c2
Event: 1.035 Thread 0x000001d817e411e0 DEOPT PACKING pc=0x000001d828c79b48 sp=0x000000697c5fd210
Event: 1.035 Thread 0x000001d817e411e0 DEOPT UNPACKING pc=0x000001d8286ea1a3 sp=0x000000697c5fd190 mode 2
Event: 1.045 Thread 0x000001d817e411e0 Uncommon trap: trap_request=0xffffffde fr.pc=0x000001d828c632f4 relative=0x0000000000000074
Event: 1.045 Thread 0x000001d817e411e0 Uncommon trap: reason=class_check action=maybe_recompile pc=0x000001d828c632f4 method=java.util.AbstractList$Itr.hasNext()Z @ 8 c2
Event: 1.045 Thread 0x000001d817e411e0 DEOPT PACKING pc=0x000001d828c632f4 sp=0x000000697c5fcb90
Event: 1.045 Thread 0x000001d817e411e0 DEOPT UNPACKING pc=0x000001d8286ea1a3 sp=0x000000697c5fcb28 mode 2
Event: 1.084 Thread 0x000001d817e411e0 Uncommon trap: trap_request=0xffffffde fr.pc=0x000001d828c632f4 relative=0x0000000000000074
Event: 1.084 Thread 0x000001d817e411e0 Uncommon trap: reason=class_check action=maybe_recompile pc=0x000001d828c632f4 method=java.util.AbstractList$Itr.hasNext()Z @ 8 c2
Event: 1.084 Thread 0x000001d817e411e0 DEOPT PACKING pc=0x000001d828c632f4 sp=0x000000697c5fc3e0
Event: 1.084 Thread 0x000001d817e411e0 DEOPT UNPACKING pc=0x000001d8286ea1a3 sp=0x000000697c5fc378 mode 2
Event: 1.107 Thread 0x000001d817e411e0 Uncommon trap: trap_request=0xffffffde fr.pc=0x000001d828c632f4 relative=0x0000000000000074
Event: 1.107 Thread 0x000001d817e411e0 Uncommon trap: reason=class_check action=maybe_recompile pc=0x000001d828c632f4 method=java.util.AbstractList$Itr.hasNext()Z @ 8 c2
Event: 1.107 Thread 0x000001d817e411e0 DEOPT PACKING pc=0x000001d828c632f4 sp=0x000000697c5fd390
Event: 1.107 Thread 0x000001d817e411e0 DEOPT UNPACKING pc=0x000001d8286ea1a3 sp=0x000000697c5fd328 mode 2

Classes unloaded (0 events):
No events

Classes redefined (0 events):
No events

Internal exceptions (20 events):
Event: 0.145 Thread 0x000001d817e411e0 Exception <a 'java/lang/NoSuchMethodError'{0x00000000ffdedeb0}: 'int java.lang.invoke.DirectMethodHandle$Holder.invokeStaticInit(java.lang.Object, java.lang.Object)'> (0x00000000ffdedeb0) 
thrown [s\src\hotspot\share\interpreter\linkResolver.cpp, line 759]
Event: 0.665 Thread 0x000001d817e411e0 Exception <a 'java/lang/NoSuchMethodError'{0x00000000ffa2c388}: 'java.lang.Object java.lang.invoke.DirectMethodHandle$Holder.invokeStaticInit(java.lang.Object)'> (0x00000000ffa2c388) 
thrown [s\src\hotspot\share\interpreter\linkResolver.cpp, line 759]
Event: 0.677 Thread 0x000001d817e411e0 Exception <a 'java/lang/NoSuchMethodError'{0x00000000ffa47128}: 'int java.lang.invoke.DirectMethodHandle$Holder.invokeSpecial(java.lang.Object, java.lang.Object, java.lang.Object)'> (0x00000000ffa47128) 
thrown [s\src\hotspot\share\interpreter\linkResolver.cpp, line 759]
Event: 0.682 Thread 0x000001d817e411e0 Exception <a 'java/lang/NoSuchMethodError'{0x00000000ffa83528}: 'void java.lang.invoke.DirectMethodHandle$Holder.invokeStatic(java.lang.Object, java.lang.Object)'> (0x00000000ffa83528) 
thrown [s\src\hotspot\share\interpreter\linkResolver.cpp, line 759]
Event: 0.682 Thread 0x000001d817e411e0 Implicit null exception at 0x000001d828c9a00f to 0x000001d828c9a550
Event: 0.682 Thread 0x000001d817e411e0 Implicit null exception at 0x000001d828c74e8f to 0x000001d828c753d0
Event: 0.695 Thread 0x000001d817e411e0 Exception <a 'java/lang/NoClassDefFoundError'{0x00000000ff902e60}: org/slf4j/impl/StaticMarkerBinder> (0x00000000ff902e60) 
thrown [s\src\hotspot\share\classfile\systemDictionary.cpp, line 245]
Event: 0.720 Thread 0x000001d817e411e0 Exception <a 'java/lang/NoSuchMethodError'{0x00000000ff82da60}: 'java.lang.Object java.lang.invoke.Invokers$Holder.invoker(java.lang.Object, java.lang.Object, java.lang.Object)'> (0x00000000ff82da60) 
thrown [s\src\hotspot\share\interpreter\linkResolver.cpp, line 759]
Event: 0.721 Thread 0x000001d817e411e0 Exception <a 'java/lang/NoSuchMethodError'{0x00000000ff836bb8}: 'java.lang.Object java.lang.invoke.DirectMethodHandle$Holder.invokeStatic(java.lang.Object, java.lang.Object, int)'> (0x00000000ff836bb8) 
thrown [s\src\hotspot\share\interpreter\linkResolver.cpp, line 759]
Event: 0.722 Thread 0x000001d817e411e0 Exception <a 'java/lang/NoSuchMethodError'{0x00000000ff8428a8}: 'void java.lang.invoke.DelegatingMethodHandle$Holder.delegate(java.lang.Object, java.lang.Object, int, java.lang.Object)'> (0x00000000ff8428a8) 
thrown [s\src\hotspot\share\interpreter\linkResolver.cpp, line 759]
Event: 0.724 Thread 0x000001d817e411e0 Exception <a 'java/lang/NoSuchMethodError'{0x00000000ff855ef0}: 'java.lang.Object java.lang.invoke.Invokers$Holder.invokeExact_MT(java.lang.Object, java.lang.Object, java.lang.Object, java.lang.Object)'> (0x00000000ff855ef0) 
thrown [s\src\hotspot\share\interpreter\linkResolver.cpp, line 759]
Event: 0.726 Thread 0x000001d817e411e0 Exception <a 'java/lang/NoSuchMethodError'{0x00000000ff879058}: 'java.lang.Object java.lang.invoke.DirectMethodHandle$Holder.invokeVirtual(java.lang.Object, java.lang.Object, java.lang.Object)'> (0x00000000ff879058) 
thrown [s\src\hotspot\share\interpreter\linkResolver.cpp, line 759]
Event: 0.790 Thread 0x000001d817e411e0 Exception <a 'java/lang/NoSuchMethodError'{0x00000000ff4a09f0}: 'java.lang.Object java.lang.invoke.DirectMethodHandle$Holder.newInvokeSpecial(java.lang.Object, java.lang.Object, java.lang.Object, java.lang.Object, java.lang.Object)'> (0x00000000ff4a09f0) 
thrown [s\src\hotspot\share\interpreter\linkResolver.cpp, line 759]
Event: 0.807 Thread 0x000001d817e411e0 Exception <a 'java/lang/NoSuchMethodError'{0x00000000ff3c4ba8}: 'void java.lang.invoke.DirectMethodHandle$Holder.invokeSpecial(java.lang.Object, java.lang.Object, java.lang.Object)'> (0x00000000ff3c4ba8) 
thrown [s\src\hotspot\share\interpreter\linkResolver.cpp, line 759]
Event: 0.913 Thread 0x000001d817e411e0 Exception <a 'java/lang/NoSuchMethodError'{0x00000000ff1dc098}: 'void java.lang.invoke.DirectMethodHandle$Holder.invokeStatic(java.lang.Object, java.lang.Object, java.lang.Object)'> (0x00000000ff1dc098) 
thrown [s\src\hotspot\share\interpreter\linkResolver.cpp, line 759]
Event: 0.951 Thread 0x000001d817e411e0 Exception <a 'java/lang/NoSuchMethodError'{0x00000000feecde78}: 'java.lang.Object java.lang.invoke.DirectMethodHandle$Holder.newInvokeSpecial(java.lang.Object, java.lang.Object, java.lang.Object, java.lang.Object, java.lang.Object, java.lang.Object, java.lang.Object, java.lang.Object, java.lang.Object, java.lang.Object, java.lang.Object, java.lang.Object, java.lang.Object, java.lang.Object, java.lang.Object, java.lang.Object, java.lang.Object, java.lang.Object, java.lang.Object, java.lang.Object, java.lang
Event: 0.952 Thread 0x000001d817e411e0 Exception <a 'java/lang/NoSuchMethodError'{0x00000000feeda480}: 'java.lang.Object java.lang.invoke.Invokers$Holder.linkToTargetMethod(java.lang.Object, java.lang.Object, java.lang.Object, java.lang.Object, java.lang.Object, java.lang.Object, java.lang.Object, java.lang.Object, java.lang.Object, java.lang.Object, java.lang.Object, java.lang.Object, java.lang.Object, java.lang.Object, java.lang.Object, java.lang.Object, java.lang.Object, java.lang.Object, java.lang.Object, java.lang.Object, java.lang.Object,
Event: 0.987 Thread 0x000001d817e411e0 Exception <a 'java/lang/NoSuchMethodError'{0x00000000fe83b270}: 'java.lang.Object java.lang.invoke.DirectMethodHandle$Holder.invokeStaticInit(java.lang.Object, int, int, int, int)'> (0x00000000fe83b270) 
thrown [s\src\hotspot\share\interpreter\linkResolver.cpp, line 759]
Event: 1.020 Thread 0x000001d817e411e0 Exception <a 'java/lang/NoSuchMethodError'{0x00000000fe8ad6b8}: 'java.lang.Object java.lang.invoke.DirectMethodHandle$Holder.invokeStaticInit(java.lang.Object, java.lang.Object, int, int, int, int)'> (0x00000000fe8ad6b8) 
thrown [s\src\hotspot\share\interpreter\linkResolver.cpp, line 759]
Event: 1.035 Thread 0x000001d817e411e0 Implicit null exception at 0x000001d828c794f2 to 0x000001d828c79b30

VM Operations (20 events):
Event: 23.836 Executing VM operation: Cleanup
Event: 23.836 Executing VM operation: Cleanup done
Event: 24.851 Executing VM operation: Cleanup
Event: 24.851 Executing VM operation: Cleanup done
Event: 25.851 Executing VM operation: Cleanup
Event: 25.851 Executing VM operation: Cleanup done
Event: 26.859 Executing VM operation: Cleanup
Event: 26.875 Executing VM operation: Cleanup done
Event: 28.900 Executing VM operation: Cleanup
Event: 28.901 Executing VM operation: Cleanup done
Event: 29.909 Executing VM operation: Cleanup
Event: 29.909 Executing VM operation: Cleanup done
Event: 30.924 Executing VM operation: Cleanup
Event: 30.924 Executing VM operation: Cleanup done
Event: 31.927 Executing VM operation: Cleanup
Event: 31.927 Executing VM operation: Cleanup done
Event: 32.934 Executing VM operation: Cleanup
Event: 32.934 Executing VM operation: Cleanup done
Event: 37.972 Executing VM operation: Cleanup
Event: 37.972 Executing VM operation: Cleanup done

Events (20 events):
Event: 1.089 loading class java/nio/channels/Pipe$SinkChannel
Event: 1.089 loading class java/nio/channels/Pipe$SinkChannel done
Event: 1.089 loading class sun/nio/ch/SinkChannelImpl done
Event: 1.090 loading class sun/nio/ch/SelectionKeyImpl
Event: 1.090 loading class java/nio/channels/spi/AbstractSelectionKey
Event: 1.090 loading class java/nio/channels/SelectionKey
Event: 1.090 loading class java/nio/channels/SelectionKey done
Event: 1.090 loading class java/nio/channels/spi/AbstractSelectionKey done
Event: 1.090 loading class sun/nio/ch/SelectionKeyImpl done
Event: 1.090 loading class java/lang/invoke/ConstantBootstraps
Event: 1.090 loading class java/lang/invoke/ConstantBootstraps done
Event: 1.107 loading class java/nio/channels/spi/AbstractSelector$1
Event: 1.107 loading class java/nio/channels/spi/AbstractSelector$1 done
Event: 1.140 loading class java/util/concurrent/Executors$FinalizableDelegatedExecutorService
Event: 1.140 loading class java/util/concurrent/Executors$FinalizableDelegatedExecutorService done
Event: 1.169 loading class java/util/AbstractList$ListItr
Event: 1.169 loading class java/util/AbstractList$ListItr done
Event: 1.559 Thread 0x000001d8742766f0 Thread exited: 0x000001d8742766f0
Event: 3.662 loading class java/util/ArrayList$ListItr
Event: 3.662 loading class java/util/ArrayList$ListItr done


Dynamic libraries:
0x00007ff7c2100000 - 0x00007ff7c210e000 	C:\Program Files\Microsoft\jdk-17.0.10.7-hotspot\bin\java.exe
0x00007fff9bf00000 - 0x00007fff9c107000 	C:\Windows\SYSTEM32\ntdll.dll
0x00007fff9a940000 - 0x00007fff9a9fd000 	C:\Windows\System32\KERNEL32.DLL
0x00007fff997f0000 - 0x00007fff99b62000 	C:\Windows\System32\KERNELBASE.dll
0x00007fff99420000 - 0x00007fff99531000 	C:\Windows\System32\ucrtbase.dll
0x00007fff86a40000 - 0x00007fff86a57000 	C:\Program Files\Microsoft\jdk-17.0.10.7-hotspot\bin\jli.dll
0x00007fff86110000 - 0x00007fff8612b000 	C:\Program Files\Microsoft\jdk-17.0.10.7-hotspot\bin\VCRUNTIME140.dll
0x00007fff9aaa0000 - 0x00007fff9ac4c000 	C:\Windows\System32\USER32.dll
0x00007fff85400000 - 0x00007fff856a5000 	C:\Windows\WinSxS\amd64_microsoft.windows.common-controls_6595b64144ccf1df_6.0.21996.1_none_7d6b053978bcd706\COMCTL32.dll
0x00007fff99600000 - 0x00007fff99626000 	C:\Windows\System32\win32u.dll
0x00007fff9a880000 - 0x00007fff9a923000 	C:\Windows\System32\msvcrt.dll
0x00007fff9bd00000 - 0x00007fff9bd29000 	C:\Windows\System32\GDI32.dll
0x00007fff99630000 - 0x00007fff99742000 	C:\Windows\System32\gdi32full.dll
0x00007fff99750000 - 0x00007fff997ed000 	C:\Windows\System32\msvcp_win.dll
0x00007fff9a010000 - 0x00007fff9a041000 	C:\Windows\System32\IMM32.DLL
0x00007fff8f230000 - 0x00007fff8f23c000 	C:\Program Files\Microsoft\jdk-17.0.10.7-hotspot\bin\vcruntime140_1.dll
0x00007fff5dd60000 - 0x00007fff5dded000 	C:\Program Files\Microsoft\jdk-17.0.10.7-hotspot\bin\msvcp140.dll
0x00007fff19fd0000 - 0x00007fff1ac35000 	C:\Program Files\Microsoft\jdk-17.0.10.7-hotspot\bin\server\jvm.dll
0x00007fff9bd30000 - 0x00007fff9bddc000 	C:\Windows\System32\ADVAPI32.dll
0x00007fff9aa00000 - 0x00007fff9aa9d000 	C:\Windows\System32\sechost.dll
0x00007fff9a630000 - 0x00007fff9a751000 	C:\Windows\System32\RPCRT4.dll
0x00007fff97f90000 - 0x00007fff97fdd000 	C:\Windows\SYSTEM32\POWRPROF.dll
0x00007fff8b500000 - 0x00007fff8b50a000 	C:\Windows\SYSTEM32\VERSION.dll
0x00007fff7e940000 - 0x00007fff7e949000 	C:\Windows\SYSTEM32\WSOCK32.dll
0x00007fff9a760000 - 0x00007fff9a7cf000 	C:\Windows\System32\WS2_32.dll
0x00007fff90bc0000 - 0x00007fff90bf3000 	C:\Windows\SYSTEM32\WINMM.dll
0x00007fff97f40000 - 0x00007fff97f53000 	C:\Windows\SYSTEM32\UMPDC.dll
0x00007fff98640000 - 0x00007fff98657000 	C:\Windows\SYSTEM32\kernel.appcore.dll
0x00007fff8ee10000 - 0x00007fff8ee1a000 	C:\Program Files\Microsoft\jdk-17.0.10.7-hotspot\bin\jimage.dll
0x00007fff96f20000 - 0x00007fff97141000 	C:\Windows\SYSTEM32\DBGHELP.DLL
0x00007fff7e8a0000 - 0x00007fff7e8d1000 	C:\Windows\SYSTEM32\dbgcore.DLL
0x00007fff99b70000 - 0x00007fff99bf0000 	C:\Windows\System32\bcryptPrimitives.dll
0x00007fff6d440000 - 0x00007fff6d465000 	C:\Program Files\Microsoft\jdk-17.0.10.7-hotspot\bin\java.dll
0x00007fff5a080000 - 0x00007fff5a157000 	C:\Program Files\Microsoft\jdk-17.0.10.7-hotspot\bin\jsvml.dll
0x00007fff9b370000 - 0x00007fff9bad9000 	C:\Windows\System32\SHELL32.dll
0x00007fff975e0000 - 0x00007fff97e38000 	C:\Windows\SYSTEM32\windows.storage.dll
0x00007fff9adf0000 - 0x00007fff9b165000 	C:\Windows\System32\combase.dll
0x00007fff97470000 - 0x00007fff975d6000 	C:\Windows\SYSTEM32\wintypes.dll
0x00007fff99dd0000 - 0x00007fff99eba000 	C:\Windows\System32\SHCORE.dll
0x00007fff99f80000 - 0x00007fff99fdd000 	C:\Windows\System32\shlwapi.dll
0x00007fff99350000 - 0x00007fff99371000 	C:\Windows\SYSTEM32\profapi.dll
0x00007fff76b60000 - 0x00007fff76b79000 	C:\Program Files\Microsoft\jdk-17.0.10.7-hotspot\bin\net.dll
0x00007fff923e0000 - 0x00007fff924ec000 	C:\Windows\SYSTEM32\WINHTTP.dll
0x00007fff98a50000 - 0x00007fff98ab7000 	C:\Windows\system32\mswsock.dll
0x00007fff6bc50000 - 0x00007fff6bc66000 	C:\Program Files\Microsoft\jdk-17.0.10.7-hotspot\bin\nio.dll
0x00007fff6bc30000 - 0x00007fff6bc48000 	C:\Program Files\Microsoft\jdk-17.0.10.7-hotspot\bin\zip.dll
0x00007fff8edf0000 - 0x00007fff8ee00000 	C:\Program Files\Microsoft\jdk-17.0.10.7-hotspot\bin\verify.dll
0x00007fff870d0000 - 0x00007fff870d9000 	C:\Program Files\Microsoft\jdk-17.0.10.7-hotspot\bin\management.dll
0x00007fff86ce0000 - 0x00007fff86ceb000 	C:\Program Files\Microsoft\jdk-17.0.10.7-hotspot\bin\management_ext.dll
0x00007fff9a930000 - 0x00007fff9a938000 	C:\Windows\System32\PSAPI.DLL
0x00007fff8bfc0000 - 0x00007fff8bfe7000 	C:\Users\Lenovo\.gradle\native\1def1411415f61bf3af743bc5b6707747c0891f09f0c88961ee8f79bc544acac\windows-amd64\native-platform.dll
0x00007fff95990000 - 0x00007fff9599a000 	C:\Users\Lenovo\.gradle\native\jansi\1.18\windows64\jansi.dll
0x00007fff98180000 - 0x00007fff981ad000 	C:\Windows\SYSTEM32\IPHLPAPI.DLL
0x00007fff99fe0000 - 0x00007fff99fe9000 	C:\Windows\System32\NSI.dll
0x00007fff923c0000 - 0x00007fff923d9000 	C:\Windows\SYSTEM32\dhcpcsvc6.DLL
0x00007fff925f0000 - 0x00007fff9260e000 	C:\Windows\SYSTEM32\dhcpcsvc.DLL
0x00007fff981b0000 - 0x00007fff98295000 	C:\Windows\SYSTEM32\DNSAPI.dll
0x00007fff7dbf0000 - 0x00007fff7dbf9000 	C:\Program Files\Microsoft\jdk-17.0.10.7-hotspot\bin\extnet.dll
0x00007fff98c90000 - 0x00007fff98ca8000 	C:\Windows\SYSTEM32\CRYPTSP.dll
0x00007fff985a0000 - 0x00007fff985d5000 	C:\Windows\system32\rsaenh.dll
0x00007fff98b40000 - 0x00007fff98b69000 	C:\Windows\SYSTEM32\USERENV.dll
0x00007fff98e10000 - 0x00007fff98e37000 	C:\Windows\SYSTEM32\bcrypt.dll
0x00007fff98cb0000 - 0x00007fff98cbc000 	C:\Windows\SYSTEM32\CRYPTBASE.dll
0x00007fff781b0000 - 0x00007fff781be000 	C:\Program Files\Microsoft\jdk-17.0.10.7-hotspot\bin\sunmscapi.dll
0x00007fff99c60000 - 0x00007fff99dc5000 	C:\Windows\System32\CRYPT32.dll
0x00007fff98de0000 - 0x00007fff98e08000 	C:\Windows\SYSTEM32\ncrypt.dll
0x00007fff98da0000 - 0x00007fff98dd7000 	C:\Windows\SYSTEM32\NTASN1.dll
0x00007fff86df0000 - 0x00007fff86df8000 	C:\Windows\system32\wshunix.dll

dbghelp: loaded successfully - version: 4.0.5 - missing functions: none
symbol engine: initialized successfully - sym options: 0x614 - pdb path: .;C:\Program Files\Microsoft\jdk-17.0.10.7-hotspot\bin;C:\Windows\SYSTEM32;C:\Windows\WinSxS\amd64_microsoft.windows.common-controls_6595b64144ccf1df_6.0.21996.1_none_7d6b053978bcd706;C:\Program Files\Microsoft\jdk-17.0.10.7-hotspot\bin\server;C:\Users\Lenovo\.gradle\native\1def1411415f61bf3af743bc5b6707747c0891f09f0c88961ee8f79bc544acac\windows-amd64;C:\Users\Lenovo\.gradle\native\jansi\1.18\windows64

VM Arguments:
jvm_args: -Xmx64m -Xms64m -Dorg.gradle.appname=gradlew 
java_command: org.gradle.wrapper.GradleWrapperMain app:bundleRelease
java_class_path (initial): D:\Abhishek\APPS\RentApp\android\\gradle\wrapper\gradle-wrapper.jar
Launcher Type: SUN_STANDARD

[Global flags]
     intx CICompilerCount                          = 3                                         {product} {ergonomic}
     uint ConcGCThreads                            = 1                                         {product} {ergonomic}
     uint G1ConcRefinementThreads                  = 4                                         {product} {ergonomic}
   size_t G1HeapRegionSize                         = 1048576                                   {product} {ergonomic}
    uintx GCDrainStackTargetSize                   = 64                                        {product} {ergonomic}
   size_t InitialHeapSize                          = 67108864                                  {product} {command line}
   size_t MarkStackSize                            = 4194304                                   {product} {ergonomic}
   size_t MaxHeapSize                              = 67108864                                  {product} {command line}
   size_t MaxNewSize                               = 39845888                                  {product} {ergonomic}
   size_t MinHeapDeltaBytes                        = 1048576                                   {product} {ergonomic}
   size_t MinHeapSize                              = 67108864                                  {product} {command line}
    uintx NonNMethodCodeHeapSize                   = 5832780                                {pd product} {ergonomic}
    uintx NonProfiledCodeHeapSize                  = 122912730                              {pd product} {ergonomic}
    uintx ProfiledCodeHeapSize                     = 122912730                              {pd product} {ergonomic}
    uintx ReservedCodeCacheSize                    = 251658240                              {pd product} {ergonomic}
     bool SegmentedCodeCache                       = true                                      {product} {ergonomic}
   size_t SoftMaxHeapSize                          = 67108864                               {manageable} {ergonomic}
     bool UseCompressedClassPointers               = true                           {product lp64_product} {ergonomic}
     bool UseCompressedOops                        = true                           {product lp64_product} {ergonomic}
     bool UseG1GC                                  = true                                      {product} {ergonomic}
     bool UseLargePagesIndividualAllocation        = false                                  {pd product} {ergonomic}

Logging:
Log output configuration:
 #0: stdout all=warning uptime,level,tags
 #1: stderr all=off uptime,level,tags

Environment Variables:
JAVA_HOME=C:\Program Files\Microsoft\jdk-17.0.10.7-hotspot
CLASSPATH=D:\Abhishek\APPS\RentApp\android\\gradle\wrapper\gradle-wrapper.jar
PATH=D:\Abhishek\APPS\RentApp\node_modules\.bin;D:\Abhishek\APPS\RentApp\node_modules\.bin;D:\Abhishek\APPS\node_modules\.bin;D:\Abhishek\node_modules\.bin;D:\node_modules\.bin;C:\Users\Lenovo\AppData\Roaming\npm\node_modules\npm\node_modules\@npmcli\run-script\lib\node-gyp-bin;C:\Users\Lenovo\bin;C:\Program Files\Git\mingw64\bin;C:\Program Files\Git\usr\local\bin;C:\Program Files\Git\usr\bin;C:\Program Files\Git\usr\bin;C:\Program Files\Git\mingw64\bin;C:\Program Files\Git\usr\bin;C:\Users\Lenovo\bin;C:\Program Files\Microsoft\jdk-17.0.10.7-hotspot;C:\Python312\Scripts;C:\Python312;C:\Program Files\Common Files\Oracle\Java\javapath;C:\Windows\system32;C:\Windows;C:\Windows\System32\Wbem;C:\Windows\System32\WindowsPowerShell\v1.0;C:\Windows\System32\OpenSSH;C:\Program Files\Git\cmd;C:\Program Files\MongoDB\Server\6.0\bin;C:\MinGW\bin;C:\Program Files\Java\jdk-20\bin;C:\Program Files\MySQL\MySQL Server 8.0\bin;C:\ProgramData\chocolatey\bin;C:\Users\Lenovo\AppData\Local\Android\Sdk\platform-tools;C:\Users\Lenovo\AppData\Roaming\nvm;C:\Program Files\nodejs;C:\Program Files\nodejs;C:\Users\Lenovo\AppData\Local\Android\Sdk\tools;C:\Users\Lenovo\AppData\Local\Android\Sdk\tools\bin;C:\Users\Lenovo\AppData\Local\Android\Sdk\platform-tools;C:\Program Files\PostgreSQL\15\bin;C:\Program Files\MySQL\MySQL Shell 8.0\bin;C:\Users\Lenovo\AppData\Local\Programs\Python\Python311\Scripts;C:\Users\Lenovo\AppData\Local\Programs\Python\Python311;C:\Users\Lenovo\AppData\Local\Microsoft\WindowsApps;C:\Users\Lenovo\AppData\Local\Programs\Microsoft VS Code\bin;C:\Program Files\MongoDB\Server\6.0\bin;C:\Program Files\MongoDB\Server\6.0\bin;C:\mongosh-1.10.0-win32-x64\bin;C:\Program Files\Java\jdk-20\bin;C:\Program Files\JetBrains\IntelliJ IDEA Educational Edition 2022.2.2\bin;C:\Users\Lenovo\AppData\Roaming\nvm;C:\Program Files\nodejs;C:\Users\Lenovo\AppData\Roaming\npm;C:\Program Files\Microsoft\jdk-17.0.10.7-hotspot;C:\Program Files\Git\usr\bin\vendor_perl;C:\Program Files\Git\usr\bin\core_pe
USERNAME=Lenovo
SHELL=C:\Program Files\Git\usr\bin\bash.exe
DISPLAY=needs-to-be-defined
LANG=en_US.UTF-8
TERM=xterm-256color
TMPDIR=C:\Users\Lenovo\AppData\Local\Temp
OS=Windows_NT
PROCESSOR_IDENTIFIER=Intel64 Family 6 Model 140 Stepping 1, GenuineIntel
TMP=C:\Users\Lenovo\AppData\Local\Temp
TEMP=C:\Users\Lenovo\AppData\Local\Temp



Periodic native trim disabled


---------------  S Y S T E M  ---------------

OS:
 Windows 10 , 64 bit Build 21996 (10.0.21996.1)
OS uptime: 5 days 23:38 hours

CPU: total 4 (initial active 4) (2 cores per cpu, 2 threads per core) family 6 model 140 stepping 1 microcode 0x8a, cx8, cmov, fxsr, ht, mmx, 3dnowpref, sse, sse2, sse3, ssse3, sse4.1, sse4.2, popcnt, lzcnt, tsc, tscinvbit, avx, avx2, aes, erms, clmul, bmi1, bmi2, adx, avx512f, avx512dq, avx512cd, avx512bw, avx512vl, sha, fma, vzeroupper, avx512_vpopcntdq, avx512_vpclmulqdq, avx512_vaes, avx512_vnni, clflush, clflushopt, clwb, avx512_vbmi2, avx512_vbmi
Processor Information for processor 0
  Max Mhz: 2995, Current Mhz: 2995, Mhz Limit: 2995
Processor Information for processor 1
  Max Mhz: 2995, Current Mhz: 2995, Mhz Limit: 2995
Processor Information for processor 2
  Max Mhz: 2995, Current Mhz: 1198, Mhz Limit: 2995
Processor Information for processor 3
  Max Mhz: 2995, Current Mhz: 2995, Mhz Limit: 2995

Memory: 4k page, system-wide physical 7991M (392M free)
TotalPageFile size 32567M (AvailPageFile size 0M)
current process WorkingSet (physical memory assigned to process): 93M, peak: 102M
current process commit charge ("private bytes"): 156M, peak: 166M

vm_info: OpenJDK 64-Bit Server VM (17.0.10+7-LTS) for windows-amd64 JRE (17.0.10+7-LTS), built on Jan 10 2024 19:47:12 by "MicrosoftCorporation" with MS VC++ 16.10 / 16.11 (VS2019)

END.
