#
# There is insufficient memory for the Java Runtime Environment to continue.
# Native memory allocation (malloc) failed to allocate 1120336 bytes for Chunk::new
# Possible reasons:
#   The system is out of physical RAM or swap space
#   The process is running with CompressedOops enabled, and the Java Heap may be blocking the growth of the native heap
# Possible solutions:
#   Reduce memory load on the system
#   Increase physical memory or swap space
#   Check if swap backing store is full
#   Decrease Java heap size (-Xmx/-Xms)
#   Decrease number of Java threads
#   Decrease Java thread stack sizes (-Xss)
#   Set larger code cache with -XX:ReservedCodeCacheSize=
#   JVM is running with Unscaled Compressed Oops mode in which the Java heap is
#     placed in the first 4GB address space. The Java Heap base address is the
#     maximum limit for the native heap growth. Please use -XX:HeapBaseMinAddress
#     to set the Java Heap base and to place the Java Heap above 4GB virtual address.
# This output file may be truncated or incomplete.
#
#  Out of Memory Error (arena.cpp:191), pid=8432, tid=93992
#
# JRE version: OpenJDK Runtime Environment Microsoft-8902769 (17.0.10+7) (build 17.0.10+7-LTS)
# Java VM: OpenJDK 64-Bit Server VM Microsoft-8902769 (17.0.10+7-LTS, mixed mode, sharing, tiered, compressed oops, compressed class ptrs, g1 gc, windows-amd64)
# No core dump will be written. Minidumps are not enabled by default on client versions of Windows
#

---------------  S U M M A R Y ------------

Command Line: org.jetbrains.kotlin.cli.jvm.K2JVMCompiler @D:\Abhishek\APPS\RentApp\node_modules\react-native-screens\android\build\20250616_3511936347690447997.compiler.options

Host: 11th Gen Intel(R) Core(TM) i3-1115G4 @ 3.00GHz, 4 cores, 7G,  Windows 10 , 64 bit Build 21996 (10.0.21996.1)
Time: Mon Jun 16 12:40:27 2025 India Standard Time elapsed time: 40.288400 seconds (0d 0h 0m 40s)

---------------  T H R E A D  ---------------

Current thread (0x0000019c37a4de80):  JavaThread "C2 CompilerThread0" daemon [_thread_in_native, id=93992, stack(0x00000007f4d00000,0x00000007f4e00000)]


Current CompileTask:
C2:  40288 11690       4       org.jetbrains.kotlin.fir.UtilsKt::copyWithNewSource (768 bytes)

Stack: [0x00000007f4d00000,0x00000007f4e00000]
Native frames: (J=compiled Java code, j=interpreted, Vv=VM code, C=native code)
V  [jvm.dll+0x67f829]
V  [jvm.dll+0x83750a]
V  [jvm.dll+0x838fce]
V  [jvm.dll+0x839633]
V  [jvm.dll+0x247cbf]
V  [jvm.dll+0xac524]
V  [jvm.dll+0xacb6c]
V  [jvm.dll+0x368ca2]
V  [jvm.dll+0x33311a]
V  [jvm.dll+0x3325ba]
V  [jvm.dll+0x21a401]
V  [jvm.dll+0x219821]
V  [jvm.dll+0x1a5176]
V  [jvm.dll+0x22957e]
V  [jvm.dll+0x22774c]
V  [jvm.dll+0x7ec5d7]
V  [jvm.dll+0x7e69da]
V  [jvm.dll+0x67e715]
C  [ucrtbase.dll+0x26c0c]
C  [KERNEL32.DLL+0x154e0]
C  [ntdll.dll+0x485b]


---------------  P R O C E S S  ---------------

Threads class SMR info:
_java_thread_list=0x0000019c7f62c9d0, length=12, elements={
0x0000019c1a01d5d0, 0x0000019c37a2d3e0, 0x0000019c37a2dfa0, 0x0000019c37a49440,
0x0000019c37a49e00, 0x0000019c37a4a7c0, 0x0000019c37a4d190, 0x0000019c37a4de80,
0x0000019c37a4f850, 0x0000019c37bc5f30, 0x0000019c37c7fcd0, 0x0000019c37c84e80
}

Java Threads: ( => current thread )
  0x0000019c1a01d5d0 JavaThread "main" [_thread_in_Java, id=95084, stack(0x00000007f3f00000,0x00000007f4000000)]
  0x0000019c37a2d3e0 JavaThread "Reference Handler" daemon [_thread_blocked, id=82584, stack(0x00000007f4700000,0x00000007f4800000)]
  0x0000019c37a2dfa0 JavaThread "Finalizer" daemon [_thread_blocked, id=83788, stack(0x00000007f4800000,0x00000007f4900000)]
  0x0000019c37a49440 JavaThread "Signal Dispatcher" daemon [_thread_blocked, id=85644, stack(0x00000007f4900000,0x00000007f4a00000)]
  0x0000019c37a49e00 JavaThread "Attach Listener" daemon [_thread_blocked, id=80940, stack(0x00000007f4a00000,0x00000007f4b00000)]
  0x0000019c37a4a7c0 JavaThread "Service Thread" daemon [_thread_blocked, id=96996, stack(0x00000007f4b00000,0x00000007f4c00000)]
  0x0000019c37a4d190 JavaThread "Monitor Deflation Thread" daemon [_thread_blocked, id=92268, stack(0x00000007f4c00000,0x00000007f4d00000)]
=>0x0000019c37a4de80 JavaThread "C2 CompilerThread0" daemon [_thread_in_native, id=93992, stack(0x00000007f4d00000,0x00000007f4e00000)]
  0x0000019c37a4f850 JavaThread "C1 CompilerThread0" daemon [_thread_blocked, id=85044, stack(0x00000007f4e00000,0x00000007f4f00000)]
  0x0000019c37bc5f30 JavaThread "Sweeper thread" daemon [_thread_blocked, id=96336, stack(0x00000007f4f00000,0x00000007f5000000)]
  0x0000019c37c7fcd0 JavaThread "Notification Thread" daemon [_thread_blocked, id=97320, stack(0x00000007f5000000,0x00000007f5100000)]
  0x0000019c37c84e80 JavaThread "Common-Cleaner" daemon [_thread_blocked, id=77556, stack(0x00000007f5200000,0x00000007f5300000)]

Other Threads:
  0x0000019c37a26240 VMThread "VM Thread" [stack: 0x00000007f4600000,0x00000007f4700000] [id=68844]
  0x0000019c37c805c0 WatcherThread [stack: 0x00000007f5100000,0x00000007f5200000] [id=77524]
  0x0000019c1a077470 GCTaskThread "GC Thread#0" [stack: 0x00000007f4100000,0x00000007f4200000] [id=91456]
  0x0000019c7d08c400 GCTaskThread "GC Thread#1" [stack: 0x00000007f5400000,0x00000007f5500000] [id=92916]
  0x0000019c7d08c6c0 GCTaskThread "GC Thread#2" [stack: 0x00000007f5500000,0x00000007f5600000] [id=92904]
  0x0000019c7d0f88b0 GCTaskThread "GC Thread#3" [stack: 0x00000007f5600000,0x00000007f5700000] [id=98240]
  0x0000019c1a087d80 ConcurrentGCThread "G1 Main Marker" [stack: 0x00000007f4200000,0x00000007f4300000] [id=90972]
  0x0000019c1a0887a0 ConcurrentGCThread "G1 Conc#0" [stack: 0x00000007f4300000,0x00000007f4400000] [id=96700]
  0x0000019c1a0ddd80 ConcurrentGCThread "G1 Refine#0" [stack: 0x00000007f4400000,0x00000007f4500000] [id=97596]
  0x0000019c7deedc20 ConcurrentGCThread "G1 Refine#1" [stack: 0x00000007f5700000,0x00000007f5800000] [id=79168]
  0x0000019c1a0de7b0 ConcurrentGCThread "G1 Service" [stack: 0x00000007f4500000,0x00000007f4600000] [id=92340]

Threads with active compile tasks:
C2 CompilerThread0    40310 11690       4       org.jetbrains.kotlin.fir.UtilsKt::copyWithNewSource (768 bytes)

VM state: not at safepoint (normal execution)

VM Mutex/Monitor currently owned by a thread: None

Heap address: 0x0000000083200000, size: 1998 MB, Compressed Oops mode: 32-bit

CDS archive(s) mapped at: [0x0000019c38000000-0x0000019c38bb0000-0x0000019c38bb0000), size 12255232, SharedBaseAddress: 0x0000019c38000000, ArchiveRelocationMode: 1.
Compressed class space mapped at: 0x0000019c39000000-0x0000019c79000000, reserved size: 1073741824
Narrow klass base: 0x0000019c38000000, Narrow klass shift: 0, Narrow klass range: 0x100000000

GC Precious Log:
 CPUs: 4 total, 4 available
 Memory: 7991M
 Large Page Support: Disabled
 NUMA Support: Disabled
 Compressed Oops: Enabled (32-bit)
 Heap Region Size: 1M
 Heap Min Capacity: 8M
 Heap Initial Capacity: 126M
 Heap Max Capacity: 1998M
 Pre-touch: Disabled
 Parallel Workers: 4
 Concurrent Workers: 1
 Concurrent Refinement Workers: 4
 Periodic GC: Disabled

Heap:
 garbage-first heap   total 182272K, used 96141K [0x0000000083200000, 0x0000000100000000)
  region size 1024K, 13 young (13312K), 6 survivors (6144K)
 Metaspace       used 59372K, committed 59584K, reserved 1114112K
  class space    used 6679K, committed 6784K, reserved 1048576K

Heap Regions: E=young(eden), S=young(survivor), O=old, HS=humongous(starts), HC=humongous(continues), CS=collection set, F=free, OA=open archive, CA=closed archive, TAMS=top-at-mark-start (previous, next)
|   0|0x0000000083200000, 0x0000000083300000, 0x0000000083300000|100%|HS|  |TAMS 0x0000000083300000, 0x0000000083200000| Complete 
|   1|0x0000000083300000, 0x0000000083400000, 0x0000000083400000|100%|HC|  |TAMS 0x0000000083400000, 0x0000000083300000| Complete 
|   2|0x0000000083400000, 0x0000000083500000, 0x0000000083500000|100%|HC|  |TAMS 0x0000000083500000, 0x0000000083400000| Complete 
|   3|0x0000000083500000, 0x0000000083600000, 0x0000000083600000|100%| O|  |TAMS 0x0000000083600000, 0x0000000083500000| Untracked 
|   4|0x0000000083600000, 0x0000000083700000, 0x0000000083700000|100%| O|  |TAMS 0x0000000083700000, 0x0000000083600000| Untracked 
|   5|0x0000000083700000, 0x0000000083800000, 0x0000000083800000|100%| O|  |TAMS 0x0000000083800000, 0x0000000083700000| Untracked 
|   6|0x0000000083800000, 0x0000000083900000, 0x0000000083900000|100%| O|  |TAMS 0x0000000083900000, 0x0000000083800000| Untracked 
|   7|0x0000000083900000, 0x0000000083a00000, 0x0000000083a00000|100%| O|  |TAMS 0x0000000083a00000, 0x0000000083900000| Untracked 
|   8|0x0000000083a00000, 0x0000000083b00000, 0x0000000083b00000|100%| O|  |TAMS 0x0000000083b00000, 0x0000000083a00000| Untracked 
|   9|0x0000000083b00000, 0x0000000083c00000, 0x0000000083c00000|100%| O|  |TAMS 0x0000000083c00000, 0x0000000083b00000| Untracked 
|  10|0x0000000083c00000, 0x0000000083d00000, 0x0000000083d00000|100%| O|  |TAMS 0x0000000083d00000, 0x0000000083c00000| Untracked 
|  11|0x0000000083d00000, 0x0000000083e00000, 0x0000000083e00000|100%| O|  |TAMS 0x0000000083e00000, 0x0000000083d00000| Untracked 
|  12|0x0000000083e00000, 0x0000000083f00000, 0x0000000083f00000|100%| O|  |TAMS 0x0000000083f00000, 0x0000000083e00000| Untracked 
|  13|0x0000000083f00000, 0x0000000084000000, 0x0000000084000000|100%| O|  |TAMS 0x0000000084000000, 0x0000000083f00000| Untracked 
|  14|0x0000000084000000, 0x0000000084100000, 0x0000000084100000|100%| O|  |TAMS 0x0000000084100000, 0x0000000084000000| Untracked 
|  15|0x0000000084100000, 0x0000000084200000, 0x0000000084200000|100%| O|  |TAMS 0x0000000084200000, 0x0000000084100000| Untracked 
|  16|0x0000000084200000, 0x0000000084300000, 0x0000000084300000|100%| O|  |TAMS 0x0000000084300000, 0x0000000084200000| Untracked 
|  17|0x0000000084300000, 0x0000000084400000, 0x0000000084400000|100%| O|  |TAMS 0x0000000084400000, 0x0000000084300000| Untracked 
|  18|0x0000000084400000, 0x0000000084500000, 0x0000000084500000|100%| O|  |TAMS 0x0000000084500000, 0x0000000084400000| Untracked 
|  19|0x0000000084500000, 0x0000000084600000, 0x0000000084600000|100%| O|  |TAMS 0x0000000084600000, 0x0000000084500000| Untracked 
|  20|0x0000000084600000, 0x0000000084700000, 0x0000000084700000|100%| O|  |TAMS 0x0000000084700000, 0x0000000084600000| Untracked 
|  21|0x0000000084700000, 0x0000000084800000, 0x0000000084800000|100%| O|  |TAMS 0x0000000084800000, 0x0000000084700000| Untracked 
|  22|0x0000000084800000, 0x0000000084900000, 0x0000000084900000|100%| O|  |TAMS 0x0000000084900000, 0x0000000084800000| Untracked 
|  23|0x0000000084900000, 0x0000000084a00000, 0x0000000084a00000|100%| O|  |TAMS 0x0000000084a00000, 0x0000000084900000| Untracked 
|  24|0x0000000084a00000, 0x0000000084b00000, 0x0000000084b00000|100%| O|  |TAMS 0x0000000084b00000, 0x0000000084a00000| Untracked 
|  25|0x0000000084b00000, 0x0000000084c00000, 0x0000000084c00000|100%| O|  |TAMS 0x0000000084c00000, 0x0000000084b00000| Untracked 
|  26|0x0000000084c00000, 0x0000000084d00000, 0x0000000084d00000|100%| O|  |TAMS 0x0000000084d00000, 0x0000000084c00000| Untracked 
|  27|0x0000000084d00000, 0x0000000084e00000, 0x0000000084e00000|100%| O|  |TAMS 0x0000000084e00000, 0x0000000084d00000| Untracked 
|  28|0x0000000084e00000, 0x0000000084f00000, 0x0000000084f00000|100%| O|  |TAMS 0x0000000084f00000, 0x0000000084e00000| Untracked 
|  29|0x0000000084f00000, 0x0000000085000000, 0x0000000085000000|100%| O|  |TAMS 0x0000000085000000, 0x0000000084f00000| Untracked 
|  30|0x0000000085000000, 0x0000000085100000, 0x0000000085100000|100%| O|  |TAMS 0x0000000085100000, 0x0000000085000000| Untracked 
|  31|0x0000000085100000, 0x0000000085200000, 0x0000000085200000|100%| O|  |TAMS 0x0000000085200000, 0x0000000085100000| Untracked 
|  32|0x0000000085200000, 0x0000000085300000, 0x0000000085300000|100%| O|  |TAMS 0x0000000085300000, 0x0000000085200000| Untracked 
|  33|0x0000000085300000, 0x0000000085400000, 0x0000000085400000|100%| O|  |TAMS 0x0000000085400000, 0x0000000085300000| Untracked 
|  34|0x0000000085400000, 0x0000000085500000, 0x0000000085500000|100%| O|  |TAMS 0x0000000085500000, 0x0000000085400000| Untracked 
|  35|0x0000000085500000, 0x0000000085600000, 0x0000000085600000|100%| O|  |TAMS 0x0000000085600000, 0x0000000085500000| Untracked 
|  36|0x0000000085600000, 0x0000000085700000, 0x0000000085700000|100%| O|  |TAMS 0x0000000085700000, 0x0000000085600000| Untracked 
|  37|0x0000000085700000, 0x0000000085800000, 0x0000000085800000|100%| O|  |TAMS 0x0000000085800000, 0x0000000085700000| Untracked 
|  38|0x0000000085800000, 0x0000000085900000, 0x0000000085900000|100%| O|  |TAMS 0x0000000085900000, 0x0000000085800000| Untracked 
|  39|0x0000000085900000, 0x0000000085a00000, 0x0000000085a00000|100%| O|  |TAMS 0x0000000085900000, 0x0000000085900000| Untracked 
|  40|0x0000000085a00000, 0x0000000085b00000, 0x0000000085b00000|100%| O|  |TAMS 0x0000000085b00000, 0x0000000085a00000| Untracked 
|  41|0x0000000085b00000, 0x0000000085c00000, 0x0000000085c00000|100%| O|  |TAMS 0x0000000085c00000, 0x0000000085b00000| Untracked 
|  42|0x0000000085c00000, 0x0000000085d00000, 0x0000000085d00000|100%| O|  |TAMS 0x0000000085d00000, 0x0000000085c00000| Untracked 
|  43|0x0000000085d00000, 0x0000000085e00000, 0x0000000085e00000|100%| O|  |TAMS 0x0000000085e00000, 0x0000000085d00000| Untracked 
|  44|0x0000000085e00000, 0x0000000085f00000, 0x0000000085f00000|100%| O|  |TAMS 0x0000000085f00000, 0x0000000085e00000| Untracked 
|  45|0x0000000085f00000, 0x0000000086000000, 0x0000000086000000|100%| O|  |TAMS 0x0000000085f00000, 0x0000000085f00000| Untracked 
|  46|0x0000000086000000, 0x0000000086100000, 0x0000000086100000|100%| O|  |TAMS 0x0000000086100000, 0x0000000086000000| Untracked 
|  47|0x0000000086100000, 0x0000000086200000, 0x0000000086200000|100%| O|  |TAMS 0x0000000086200000, 0x0000000086100000| Untracked 
|  48|0x0000000086200000, 0x0000000086300000, 0x0000000086300000|100%| O|  |TAMS 0x0000000086300000, 0x0000000086200000| Untracked 
|  49|0x0000000086300000, 0x0000000086400000, 0x0000000086400000|100%| O|  |TAMS 0x0000000086400000, 0x0000000086300000| Untracked 
|  50|0x0000000086400000, 0x0000000086500000, 0x0000000086500000|100%| O|  |TAMS 0x0000000086500000, 0x0000000086400000| Untracked 
|  51|0x0000000086500000, 0x0000000086600000, 0x0000000086600000|100%| O|  |TAMS 0x0000000086600000, 0x0000000086500000| Untracked 
|  52|0x0000000086600000, 0x0000000086700000, 0x0000000086700000|100%| O|  |TAMS 0x0000000086600000, 0x0000000086600000| Untracked 
|  53|0x0000000086700000, 0x0000000086800000, 0x0000000086800000|100%| O|  |TAMS 0x0000000086800000, 0x0000000086700000| Untracked 
|  54|0x0000000086800000, 0x0000000086900000, 0x0000000086900000|100%| O|  |TAMS 0x0000000086900000, 0x0000000086800000| Untracked 
|  55|0x0000000086900000, 0x0000000086a00000, 0x0000000086a00000|100%| O|  |TAMS 0x0000000086900000, 0x0000000086900000| Untracked 
|  56|0x0000000086a00000, 0x0000000086b00000, 0x0000000086b00000|100%| O|  |TAMS 0x0000000086b00000, 0x0000000086a00000| Untracked 
|  57|0x0000000086b00000, 0x0000000086c00000, 0x0000000086c00000|100%| O|  |TAMS 0x0000000086c00000, 0x0000000086b00000| Untracked 
|  58|0x0000000086c00000, 0x0000000086d00000, 0x0000000086d00000|100%| O|  |TAMS 0x0000000086d00000, 0x0000000086c00000| Untracked 
|  59|0x0000000086d00000, 0x0000000086e00000, 0x0000000086e00000|100%| O|  |TAMS 0x0000000086e00000, 0x0000000086d00000| Untracked 
|  60|0x0000000086e00000, 0x0000000086f00000, 0x0000000086f00000|100%| O|  |TAMS 0x0000000086f00000, 0x0000000086e00000| Untracked 
|  61|0x0000000086f00000, 0x0000000087000000, 0x0000000087000000|100%| O|  |TAMS 0x0000000087000000, 0x0000000086f00000| Untracked 
|  62|0x0000000087000000, 0x0000000087100000, 0x0000000087100000|100%| O|  |TAMS 0x0000000087100000, 0x0000000087000000| Untracked 
|  63|0x0000000087100000, 0x0000000087200000, 0x0000000087200000|100%| O|  |TAMS 0x0000000087200000, 0x0000000087100000| Untracked 
|  64|0x0000000087200000, 0x0000000087300000, 0x0000000087300000|100%| O|  |TAMS 0x0000000087300000, 0x0000000087200000| Untracked 
|  65|0x0000000087300000, 0x0000000087400000, 0x0000000087400000|100%| O|  |TAMS 0x0000000087400000, 0x0000000087300000| Untracked 
|  66|0x0000000087400000, 0x0000000087500000, 0x0000000087500000|100%| O|  |TAMS 0x0000000087500000, 0x0000000087400000| Untracked 
|  67|0x0000000087500000, 0x0000000087600000, 0x0000000087600000|100%| O|  |TAMS 0x0000000087596e00, 0x0000000087500000| Untracked 
|  68|0x0000000087600000, 0x0000000087700000, 0x0000000087700000|100%| O|  |TAMS 0x0000000087600000, 0x0000000087600000| Untracked 
|  69|0x0000000087700000, 0x0000000087800000, 0x0000000087800000|100%| O|  |TAMS 0x0000000087700000, 0x0000000087700000| Untracked 
|  70|0x0000000087800000, 0x0000000087900000, 0x0000000087900000|100%| O|  |TAMS 0x0000000087800000, 0x0000000087800000| Untracked 
|  71|0x0000000087900000, 0x0000000087a00000, 0x0000000087a00000|100%| O|  |TAMS 0x0000000087900000, 0x0000000087900000| Untracked 
|  72|0x0000000087a00000, 0x0000000087b00000, 0x0000000087b00000|100%| O|  |TAMS 0x0000000087a00000, 0x0000000087a00000| Untracked 
|  73|0x0000000087b00000, 0x0000000087c00000, 0x0000000087c00000|100%| O|  |TAMS 0x0000000087b00000, 0x0000000087b00000| Untracked 
|  74|0x0000000087c00000, 0x0000000087d00000, 0x0000000087d00000|100%| O|  |TAMS 0x0000000087c00000, 0x0000000087c00000| Untracked 
|  75|0x0000000087d00000, 0x0000000087e00000, 0x0000000087e00000|100%| O|  |TAMS 0x0000000087d00000, 0x0000000087d00000| Untracked 
|  76|0x0000000087e00000, 0x0000000087f00000, 0x0000000087f00000|100%| O|  |TAMS 0x0000000087e00000, 0x0000000087e00000| Untracked 
|  77|0x0000000087f00000, 0x0000000088000000, 0x0000000088000000|100%| O|  |TAMS 0x0000000087f00000, 0x0000000087f00000| Untracked 
|  78|0x0000000088000000, 0x0000000088100000, 0x0000000088100000|100%| O|  |TAMS 0x0000000088000000, 0x0000000088000000| Untracked 
|  79|0x0000000088100000, 0x0000000088200000, 0x0000000088200000|100%| O|  |TAMS 0x0000000088100000, 0x0000000088100000| Untracked 
|  80|0x0000000088200000, 0x0000000088300000, 0x0000000088300000|100%| O|  |TAMS 0x0000000088200000, 0x0000000088200000| Untracked 
|  81|0x0000000088300000, 0x0000000088400000, 0x0000000088400000|100%| O|  |TAMS 0x0000000088300000, 0x0000000088300000| Untracked 
|  82|0x0000000088400000, 0x00000000884aa600, 0x0000000088500000| 66%| O|  |TAMS 0x0000000088400000, 0x0000000088400000| Untracked 
|  83|0x0000000088500000, 0x0000000088500000, 0x0000000088600000|  0%| F|  |TAMS 0x0000000088500000, 0x0000000088500000| Untracked 
|  84|0x0000000088600000, 0x0000000088600000, 0x0000000088700000|  0%| F|  |TAMS 0x0000000088600000, 0x0000000088600000| Untracked 
|  85|0x0000000088700000, 0x0000000088700000, 0x0000000088800000|  0%| F|  |TAMS 0x0000000088700000, 0x0000000088700000| Untracked 
|  86|0x0000000088800000, 0x0000000088800000, 0x0000000088900000|  0%| F|  |TAMS 0x0000000088800000, 0x0000000088800000| Untracked 
|  87|0x0000000088900000, 0x0000000088900000, 0x0000000088a00000|  0%| F|  |TAMS 0x0000000088900000, 0x0000000088900000| Untracked 
|  88|0x0000000088a00000, 0x0000000088a00000, 0x0000000088b00000|  0%| F|  |TAMS 0x0000000088a00000, 0x0000000088a00000| Untracked 
|  89|0x0000000088b00000, 0x0000000088b00000, 0x0000000088c00000|  0%| F|  |TAMS 0x0000000088b00000, 0x0000000088b00000| Untracked 
|  90|0x0000000088c00000, 0x0000000088c00000, 0x0000000088d00000|  0%| F|  |TAMS 0x0000000088c00000, 0x0000000088c00000| Untracked 
|  91|0x0000000088d00000, 0x0000000088d00000, 0x0000000088e00000|  0%| F|  |TAMS 0x0000000088d00000, 0x0000000088d00000| Untracked 
|  92|0x0000000088e00000, 0x0000000088e00000, 0x0000000088f00000|  0%| F|  |TAMS 0x0000000088e00000, 0x0000000088e00000| Untracked 
|  93|0x0000000088f00000, 0x0000000088f00000, 0x0000000089000000|  0%| F|  |TAMS 0x0000000088f00000, 0x0000000088f00000| Untracked 
|  94|0x0000000089000000, 0x0000000089000000, 0x0000000089100000|  0%| F|  |TAMS 0x0000000089000000, 0x0000000089000000| Untracked 
|  95|0x0000000089100000, 0x0000000089100000, 0x0000000089200000|  0%| F|  |TAMS 0x0000000089100000, 0x0000000089100000| Untracked 
|  96|0x0000000089200000, 0x0000000089200000, 0x0000000089300000|  0%| F|  |TAMS 0x0000000089200000, 0x0000000089200000| Untracked 
|  97|0x0000000089300000, 0x0000000089300000, 0x0000000089400000|  0%| F|  |TAMS 0x0000000089300000, 0x0000000089300000| Untracked 
|  98|0x0000000089400000, 0x0000000089400000, 0x0000000089500000|  0%| F|  |TAMS 0x0000000089400000, 0x0000000089400000| Untracked 
|  99|0x0000000089500000, 0x0000000089500000, 0x0000000089600000|  0%| F|  |TAMS 0x0000000089500000, 0x0000000089500000| Untracked 
| 100|0x0000000089600000, 0x0000000089600000, 0x0000000089700000|  0%| F|  |TAMS 0x0000000089600000, 0x0000000089600000| Untracked 
| 101|0x0000000089700000, 0x0000000089700000, 0x0000000089800000|  0%| F|  |TAMS 0x0000000089700000, 0x0000000089700000| Untracked 
| 102|0x0000000089800000, 0x0000000089800000, 0x0000000089900000|  0%| F|  |TAMS 0x0000000089800000, 0x0000000089800000| Untracked 
| 103|0x0000000089900000, 0x0000000089900000, 0x0000000089a00000|  0%| F|  |TAMS 0x0000000089900000, 0x0000000089900000| Untracked 
| 104|0x0000000089a00000, 0x0000000089a00000, 0x0000000089b00000|  0%| F|  |TAMS 0x0000000089a00000, 0x0000000089a00000| Untracked 
| 105|0x0000000089b00000, 0x0000000089b00000, 0x0000000089c00000|  0%| F|  |TAMS 0x0000000089b00000, 0x0000000089b00000| Untracked 
| 106|0x0000000089c00000, 0x0000000089c00000, 0x0000000089d00000|  0%| F|  |TAMS 0x0000000089c00000, 0x0000000089c00000| Untracked 
| 107|0x0000000089d00000, 0x0000000089d00000, 0x0000000089e00000|  0%| F|  |TAMS 0x0000000089d00000, 0x0000000089d00000| Untracked 
| 108|0x0000000089e00000, 0x0000000089e00000, 0x0000000089f00000|  0%| F|  |TAMS 0x0000000089e00000, 0x0000000089e00000| Untracked 
| 109|0x0000000089f00000, 0x0000000089f00000, 0x000000008a000000|  0%| F|  |TAMS 0x0000000089f00000, 0x0000000089f00000| Untracked 
| 110|0x000000008a000000, 0x000000008a000000, 0x000000008a100000|  0%| F|  |TAMS 0x000000008a000000, 0x000000008a000000| Untracked 
| 111|0x000000008a100000, 0x000000008a100000, 0x000000008a200000|  0%| F|  |TAMS 0x000000008a100000, 0x000000008a100000| Untracked 
| 112|0x000000008a200000, 0x000000008a200000, 0x000000008a300000|  0%| F|  |TAMS 0x000000008a200000, 0x000000008a200000| Untracked 
| 113|0x000000008a300000, 0x000000008a300000, 0x000000008a400000|  0%| F|  |TAMS 0x000000008a300000, 0x000000008a300000| Untracked 
| 114|0x000000008a400000, 0x000000008a400000, 0x000000008a500000|  0%| F|  |TAMS 0x000000008a400000, 0x000000008a400000| Untracked 
| 115|0x000000008a500000, 0x000000008a538f48, 0x000000008a600000| 22%| S|CS|TAMS 0x000000008a500000, 0x000000008a500000| Complete 
| 116|0x000000008a600000, 0x000000008a700000, 0x000000008a700000|100%| S|CS|TAMS 0x000000008a600000, 0x000000008a600000| Complete 
| 117|0x000000008a700000, 0x000000008a800000, 0x000000008a800000|100%| S|CS|TAMS 0x000000008a700000, 0x000000008a700000| Complete 
| 118|0x000000008a800000, 0x000000008a900000, 0x000000008a900000|100%| S|CS|TAMS 0x000000008a800000, 0x000000008a800000| Complete 
| 119|0x000000008a900000, 0x000000008a900000, 0x000000008aa00000|  0%| F|  |TAMS 0x000000008a900000, 0x000000008a900000| Untracked 
| 120|0x000000008aa00000, 0x000000008aa00000, 0x000000008ab00000|  0%| F|  |TAMS 0x000000008aa00000, 0x000000008aa00000| Untracked 
| 121|0x000000008ab00000, 0x000000008ab00000, 0x000000008ac00000|  0%| F|  |TAMS 0x000000008ab00000, 0x000000008ab00000| Untracked 
| 122|0x000000008ac00000, 0x000000008ac00000, 0x000000008ad00000|  0%| F|  |TAMS 0x000000008ac00000, 0x000000008ac00000| Untracked 
| 123|0x000000008ad00000, 0x000000008ad00000, 0x000000008ae00000|  0%| F|  |TAMS 0x000000008ad00000, 0x000000008ad00000| Untracked 
| 124|0x000000008ae00000, 0x000000008ae00000, 0x000000008af00000|  0%| F|  |TAMS 0x000000008ae00000, 0x000000008ae00000| Untracked 
| 125|0x000000008af00000, 0x000000008b000000, 0x000000008b000000|100%| S|CS|TAMS 0x000000008af00000, 0x000000008af00000| Complete 
| 126|0x000000008b000000, 0x000000008b100000, 0x000000008b100000|100%| S|CS|TAMS 0x000000008b000000, 0x000000008b000000| Complete 
| 127|0x000000008b100000, 0x000000008b100000, 0x000000008b200000|  0%| F|  |TAMS 0x000000008b100000, 0x000000008b100000| Untracked 
| 128|0x000000008b200000, 0x000000008b200000, 0x000000008b300000|  0%| F|  |TAMS 0x000000008b200000, 0x000000008b200000| Untracked 
| 129|0x000000008b300000, 0x000000008b300000, 0x000000008b400000|  0%| F|  |TAMS 0x000000008b300000, 0x000000008b300000| Untracked 
| 130|0x000000008b400000, 0x000000008b400000, 0x000000008b500000|  0%| F|  |TAMS 0x000000008b400000, 0x000000008b400000| Untracked 
| 131|0x000000008b500000, 0x000000008b500000, 0x000000008b600000|  0%| F|  |TAMS 0x000000008b500000, 0x000000008b500000| Untracked 
| 132|0x000000008b600000, 0x000000008b600000, 0x000000008b700000|  0%| F|  |TAMS 0x000000008b600000, 0x000000008b600000| Untracked 
| 133|0x000000008b700000, 0x000000008b700000, 0x000000008b800000|  0%| F|  |TAMS 0x000000008b700000, 0x000000008b700000| Untracked 
| 134|0x000000008b800000, 0x000000008b800000, 0x000000008b900000|  0%| F|  |TAMS 0x000000008b800000, 0x000000008b800000| Untracked 
| 135|0x000000008b900000, 0x000000008b900000, 0x000000008ba00000|  0%| F|  |TAMS 0x000000008b900000, 0x000000008b900000| Untracked 
| 136|0x000000008ba00000, 0x000000008ba00000, 0x000000008bb00000|  0%| F|  |TAMS 0x000000008ba00000, 0x000000008ba00000| Untracked 
| 137|0x000000008bb00000, 0x000000008bb00000, 0x000000008bc00000|  0%| F|  |TAMS 0x000000008bb00000, 0x000000008bb00000| Untracked 
| 138|0x000000008bc00000, 0x000000008bc00000, 0x000000008bd00000|  0%| F|  |TAMS 0x000000008bc00000, 0x000000008bc00000| Untracked 
| 139|0x000000008bd00000, 0x000000008bd00000, 0x000000008be00000|  0%| F|  |TAMS 0x000000008bd00000, 0x000000008bd00000| Untracked 
| 140|0x000000008be00000, 0x000000008be00000, 0x000000008bf00000|  0%| F|  |TAMS 0x000000008be00000, 0x000000008be00000| Untracked 
| 141|0x000000008bf00000, 0x000000008bf00000, 0x000000008c000000|  0%| F|  |TAMS 0x000000008bf00000, 0x000000008bf00000| Untracked 
| 142|0x000000008c000000, 0x000000008c000000, 0x000000008c100000|  0%| F|  |TAMS 0x000000008c000000, 0x000000008c000000| Untracked 
| 143|0x000000008c100000, 0x000000008c100000, 0x000000008c200000|  0%| F|  |TAMS 0x000000008c100000, 0x000000008c100000| Untracked 
| 144|0x000000008c200000, 0x000000008c200000, 0x000000008c300000|  0%| F|  |TAMS 0x000000008c200000, 0x000000008c200000| Untracked 
| 145|0x000000008c300000, 0x000000008c300000, 0x000000008c400000|  0%| F|  |TAMS 0x000000008c300000, 0x000000008c300000| Untracked 
| 146|0x000000008c400000, 0x000000008c400000, 0x000000008c500000|  0%| F|  |TAMS 0x000000008c400000, 0x000000008c400000| Untracked 
| 147|0x000000008c500000, 0x000000008c500000, 0x000000008c600000|  0%| F|  |TAMS 0x000000008c500000, 0x000000008c500000| Untracked 
| 148|0x000000008c600000, 0x000000008c600000, 0x000000008c700000|  0%| F|  |TAMS 0x000000008c600000, 0x000000008c600000| Untracked 
| 149|0x000000008c700000, 0x000000008c700000, 0x000000008c800000|  0%| F|  |TAMS 0x000000008c700000, 0x000000008c700000| Untracked 
| 150|0x000000008c800000, 0x000000008c800000, 0x000000008c900000|  0%| F|  |TAMS 0x000000008c800000, 0x000000008c800000| Untracked 
| 151|0x000000008c900000, 0x000000008c900000, 0x000000008ca00000|  0%| F|  |TAMS 0x000000008c900000, 0x000000008c900000| Untracked 
| 152|0x000000008ca00000, 0x000000008ca00000, 0x000000008cb00000|  0%| F|  |TAMS 0x000000008ca00000, 0x000000008ca00000| Untracked 
| 153|0x000000008cb00000, 0x000000008cb00000, 0x000000008cc00000|  0%| F|  |TAMS 0x000000008cb00000, 0x000000008cb00000| Untracked 
| 154|0x000000008cc00000, 0x000000008cc00000, 0x000000008cd00000|  0%| F|  |TAMS 0x000000008cc00000, 0x000000008cc00000| Untracked 
| 155|0x000000008cd00000, 0x000000008cd00000, 0x000000008ce00000|  0%| F|  |TAMS 0x000000008cd00000, 0x000000008cd00000| Untracked 
| 156|0x000000008ce00000, 0x000000008ce00000, 0x000000008cf00000|  0%| F|  |TAMS 0x000000008ce00000, 0x000000008ce00000| Untracked 
| 157|0x000000008cf00000, 0x000000008cf00000, 0x000000008d000000|  0%| F|  |TAMS 0x000000008cf00000, 0x000000008cf00000| Untracked 
| 158|0x000000008d000000, 0x000000008d000000, 0x000000008d100000|  0%| F|  |TAMS 0x000000008d000000, 0x000000008d000000| Untracked 
| 159|0x000000008d100000, 0x000000008d100000, 0x000000008d200000|  0%| F|  |TAMS 0x000000008d100000, 0x000000008d100000| Untracked 
| 160|0x000000008d200000, 0x000000008d200000, 0x000000008d300000|  0%| F|  |TAMS 0x000000008d200000, 0x000000008d200000| Untracked 
| 161|0x000000008d300000, 0x000000008d300000, 0x000000008d400000|  0%| F|  |TAMS 0x000000008d300000, 0x000000008d300000| Untracked 
| 162|0x000000008d400000, 0x000000008d400000, 0x000000008d500000|  0%| F|  |TAMS 0x000000008d400000, 0x000000008d400000| Untracked 
| 163|0x000000008d500000, 0x000000008d500000, 0x000000008d600000|  0%| F|  |TAMS 0x000000008d500000, 0x000000008d500000| Untracked 
| 164|0x000000008d600000, 0x000000008d600000, 0x000000008d700000|  0%| F|  |TAMS 0x000000008d600000, 0x000000008d600000| Untracked 
| 165|0x000000008d700000, 0x000000008d700000, 0x000000008d800000|  0%| F|  |TAMS 0x000000008d700000, 0x000000008d700000| Untracked 
| 166|0x000000008d800000, 0x000000008d800000, 0x000000008d900000|  0%| F|  |TAMS 0x000000008d800000, 0x000000008d800000| Untracked 
| 167|0x000000008d900000, 0x000000008d900000, 0x000000008da00000|  0%| F|  |TAMS 0x000000008d900000, 0x000000008d900000| Untracked 
| 168|0x000000008da00000, 0x000000008da00000, 0x000000008db00000|  0%| F|  |TAMS 0x000000008da00000, 0x000000008da00000| Untracked 
| 169|0x000000008db00000, 0x000000008db00000, 0x000000008dc00000|  0%| F|  |TAMS 0x000000008db00000, 0x000000008db00000| Untracked 
| 170|0x000000008dc00000, 0x000000008dc00000, 0x000000008dd00000|  0%| F|  |TAMS 0x000000008dc00000, 0x000000008dc00000| Untracked 
| 171|0x000000008dd00000, 0x000000008de00000, 0x000000008de00000|100%| E|  |TAMS 0x000000008dd00000, 0x000000008dd00000| Complete 
| 172|0x000000008de00000, 0x000000008df00000, 0x000000008df00000|100%| E|CS|TAMS 0x000000008de00000, 0x000000008de00000| Complete 
| 173|0x000000008df00000, 0x000000008e000000, 0x000000008e000000|100%| E|CS|TAMS 0x000000008df00000, 0x000000008df00000| Complete 
| 174|0x000000008e000000, 0x000000008e100000, 0x000000008e100000|100%| E|CS|TAMS 0x000000008e000000, 0x000000008e000000| Complete 
| 175|0x000000008e100000, 0x000000008e200000, 0x000000008e200000|100%| E|CS|TAMS 0x000000008e100000, 0x000000008e100000| Complete 
| 176|0x000000008e200000, 0x000000008e300000, 0x000000008e300000|100%| E|CS|TAMS 0x000000008e200000, 0x000000008e200000| Complete 
| 177|0x000000008e300000, 0x000000008e400000, 0x000000008e400000|100%| E|CS|TAMS 0x000000008e300000, 0x000000008e300000| Complete 

Card table byte_map: [0x0000019c30f30000,0x0000019c31320000] _byte_map_base: 0x0000019c30b17000

Marking Bits (Prev, Next): (CMBitMap*) 0x0000019c1a077a90, (CMBitMap*) 0x0000019c1a077ad0
 Prev Bits: [0x0000019c31710000, 0x0000019c33648000)
 Next Bits: [0x0000019c33650000, 0x0000019c35588000)

Polling page: 0x0000019c17f90000

Metaspace:

Usage:
  Non-class:     51.46 MB used.
      Class:      6.52 MB used.
       Both:     57.98 MB used.

Virtual space:
  Non-class space:       64.00 MB reserved,      51.56 MB ( 81%) committed,  1 nodes.
      Class space:        1.00 GB reserved,       6.62 MB ( <1%) committed,  1 nodes.
             Both:        1.06 GB reserved,      58.19 MB (  5%) committed. 

Chunk freelists:
   Non-Class:  11.50 MB
       Class:  9.38 MB
        Both:  20.88 MB

MaxMetaspaceSize: unlimited
CompressedClassSpaceSize: 1.00 GB
Initial GC threshold: 21.00 MB
Current GC threshold: 91.69 MB
CDS: on
MetaspaceReclaimPolicy: balanced
 - commit_granule_bytes: 65536.
 - commit_granule_words: 8192.
 - virtual_space_node_default_size: 8388608.
 - enlarge_chunks_in_place: 1.
 - new_chunks_are_fully_committed: 0.
 - uncommit_free_chunks: 1.
 - use_allocation_guard: 0.
 - handle_deallocations: 1.


Internal statistics:

num_allocs_failed_limit: 6.
num_arena_births: 308.
num_arena_deaths: 0.
num_vsnodes_births: 2.
num_vsnodes_deaths: 0.
num_space_committed: 929.
num_space_uncommitted: 0.
num_chunks_returned_to_freelist: 6.
num_chunks_taken_from_freelist: 2369.
num_chunk_merges: 6.
num_chunk_splits: 1941.
num_chunks_enlarged: 1755.
num_inconsistent_stats: 0.

CodeHeap 'non-profiled nmethods': size=120000Kb used=6695Kb max_used=6695Kb free=113304Kb
 bounds [0x0000019c29610000, 0x0000019c29ca0000, 0x0000019c30b40000]
CodeHeap 'profiled nmethods': size=120000Kb used=35124Kb max_used=35124Kb free=84876Kb
 bounds [0x0000019c21b40000, 0x0000019c23d90000, 0x0000019c29070000]
CodeHeap 'non-nmethods': size=5760Kb used=1361Kb max_used=1426Kb free=4398Kb
 bounds [0x0000019c29070000, 0x0000019c292e0000, 0x0000019c29610000]
 total_blobs=10923 nmethods=10261 adapters=571
 compilation: enabled
              stopped_count=0, restarted_count=0
 full_count=0

Compilation events (20 events):
Event: 40.156 Thread 0x0000019c37a4f850 11686       3       org.jetbrains.kotlin.contracts.description.EventOccurrencesRangeKt::canBeRevisited (33 bytes)
Event: 40.157 Thread 0x0000019c37a4f850 nmethod 11686 0x0000019c23d86f10 code [0x0000019c23d87120, 0x0000019c23d87798]
Event: 40.158 Thread 0x0000019c37a4de80 nmethod 11677 0x0000019c29c96410 code [0x0000019c29c965a0, 0x0000019c29c96758]
Event: 40.158 Thread 0x0000019c37a4de80 11687       4       kotlin.collections.CollectionsKt___CollectionsKt::drop (293 bytes)
Event: 40.200 Thread 0x0000019c37a4de80 nmethod 11687 0x0000019c29c96910 code [0x0000019c29c96b80, 0x0000019c29c988a8]
Event: 40.200 Thread 0x0000019c37a4de80 11689       4       org.jetbrains.kotlin.fir.resolve.calls.candidate.Candidate::getArgumentMapping (24 bytes)
Event: 40.200 Thread 0x0000019c37a4de80 nmethod 11689 0x0000019c29c99690 code [0x0000019c29c99800, 0x0000019c29c99898]
Event: 40.200 Thread 0x0000019c37a4de80 11688       4       org.jetbrains.kotlin.fir.scopes.ProcessorAction::not (57 bytes)
Event: 40.201 Thread 0x0000019c37a4de80 nmethod 11688 0x0000019c29c99990 code [0x0000019c29c99b00, 0x0000019c29c99bd8]
Event: 40.201 Thread 0x0000019c37a4de80 11690       4       org.jetbrains.kotlin.fir.UtilsKt::copyWithNewSource (768 bytes)
Event: 40.270 Thread 0x0000019c37a4f850 11691       3       org.jetbrains.kotlin.fir.expressions.FirExpression::transform (22 bytes)
Event: 40.271 Thread 0x0000019c37a4f850 nmethod 11691 0x0000019c23d87a10 code [0x0000019c23d87ca0, 0x0000019c23d888b8]
Event: 40.274 Thread 0x0000019c37a4f850 11693       3       org.jetbrains.kotlin.fir.resolve.calls.overloads.ConeOverloadConflictResolver::isEquallyOrMoreSpecificCallWithArgumentMapping (10 bytes)
Event: 40.274 Thread 0x0000019c37a4f850 nmethod 11693 0x0000019c23d88d10 code [0x0000019c23d88ea0, 0x0000019c23d88fe8]
Event: 40.274 Thread 0x0000019c37a4f850 11694       3       org.jetbrains.kotlin.fir.resolve.calls.overloads.ConeOverloadConflictResolver::compareCallsByUsedArguments (85 bytes)
Event: 40.275 Thread 0x0000019c37a4f850 nmethod 11694 0x0000019c23d89090 code [0x0000019c23d893a0, 0x0000019c23d8a418]
Event: 40.277 Thread 0x0000019c37a4f850 11696       3       org.jetbrains.kotlin.fir.resolve.dfa.FirLocalVariableAssignmentAnalyzer$Companion$MiniCfgBuilder::visitBlock (48 bytes)
Event: 40.278 Thread 0x0000019c37a4f850 nmethod 11696 0x0000019c23d8aa10 code [0x0000019c23d8ade0, 0x0000019c23d8c568]
Event: 40.280 Thread 0x0000019c37a4f850 11698       3       org.jetbrains.kotlin.fir.visitors.FirDefaultTransformer::transformImplicitTypeRef (16 bytes)
Event: 40.281 Thread 0x0000019c37a4f850 nmethod 11698 0x0000019c23d8cd90 code [0x0000019c23d8cfa0, 0x0000019c23d8d648]

GC Heap History (20 events):
Event: 18.891 GC heap before
{Heap before GC invocations=26 (full 0):
 garbage-first heap   total 89088K, used 68448K [0x0000000083200000, 0x0000000100000000)
  region size 1024K, 14 young (14336K), 2 survivors (2048K)
 Metaspace       used 49738K, committed 49920K, reserved 1114112K
  class space    used 5928K, committed 6016K, reserved 1048576K
}
Event: 18.900 GC heap after
{Heap after GC invocations=27 (full 0):
 garbage-first heap   total 89088K, used 58856K [0x0000000083200000, 0x0000000100000000)
  region size 1024K, 2 young (2048K), 2 survivors (2048K)
 Metaspace       used 49738K, committed 49920K, reserved 1114112K
  class space    used 5928K, committed 6016K, reserved 1048576K
}
Event: 20.144 GC heap before
{Heap before GC invocations=28 (full 0):
 garbage-first heap   total 101376K, used 70120K [0x0000000083200000, 0x0000000100000000)
  region size 1024K, 13 young (13312K), 2 survivors (2048K)
 Metaspace       used 51138K, committed 51392K, reserved 1114112K
  class space    used 6004K, committed 6144K, reserved 1048576K
}
Event: 20.155 GC heap after
{Heap after GC invocations=29 (full 0):
 garbage-first heap   total 101376K, used 61715K [0x0000000083200000, 0x0000000100000000)
  region size 1024K, 2 young (2048K), 2 survivors (2048K)
 Metaspace       used 51138K, committed 51392K, reserved 1114112K
  class space    used 6004K, committed 6144K, reserved 1048576K
}
Event: 21.495 GC heap before
{Heap before GC invocations=29 (full 0):
 garbage-first heap   total 101376K, used 77075K [0x0000000083200000, 0x0000000100000000)
  region size 1024K, 18 young (18432K), 2 survivors (2048K)
 Metaspace       used 53923K, committed 54208K, reserved 1114112K
  class space    used 6318K, committed 6464K, reserved 1048576K
}
Event: 21.505 GC heap after
{Heap after GC invocations=30 (full 0):
 garbage-first heap   total 101376K, used 63980K [0x0000000083200000, 0x0000000100000000)
  region size 1024K, 2 young (2048K), 2 survivors (2048K)
 Metaspace       used 53923K, committed 54208K, reserved 1114112K
  class space    used 6318K, committed 6464K, reserved 1048576K
}
Event: 22.270 GC heap before
{Heap before GC invocations=31 (full 0):
 garbage-first heap   total 111616K, used 80364K [0x0000000083200000, 0x0000000100000000)
  region size 1024K, 18 young (18432K), 2 survivors (2048K)
 Metaspace       used 54505K, committed 54784K, reserved 1114112K
  class space    used 6394K, committed 6528K, reserved 1048576K
}
Event: 22.283 GC heap after
{Heap after GC invocations=32 (full 0):
 garbage-first heap   total 111616K, used 68449K [0x0000000083200000, 0x0000000100000000)
  region size 1024K, 3 young (3072K), 3 survivors (3072K)
 Metaspace       used 54505K, committed 54784K, reserved 1114112K
  class space    used 6394K, committed 6528K, reserved 1048576K
}
Event: 22.353 GC heap before
{Heap before GC invocations=32 (full 0):
 garbage-first heap   total 111616K, used 70497K [0x0000000083200000, 0x0000000100000000)
  region size 1024K, 5 young (5120K), 3 survivors (3072K)
 Metaspace       used 54524K, committed 54784K, reserved 1114112K
  class space    used 6396K, committed 6528K, reserved 1048576K
}
Event: 22.364 GC heap after
{Heap after GC invocations=33 (full 0):
 garbage-first heap   total 111616K, used 68747K [0x0000000083200000, 0x0000000100000000)
  region size 1024K, 1 young (1024K), 1 survivors (1024K)
 Metaspace       used 54524K, committed 54784K, reserved 1114112K
  class space    used 6396K, committed 6528K, reserved 1048576K
}
Event: 24.282 GC heap before
{Heap before GC invocations=33 (full 0):
 garbage-first heap   total 111616K, used 87179K [0x0000000083200000, 0x0000000100000000)
  region size 1024K, 19 young (19456K), 1 survivors (1024K)
 Metaspace       used 55907K, committed 56192K, reserved 1114112K
  class space    used 6490K, committed 6592K, reserved 1048576K
}
Event: 24.292 GC heap after
{Heap after GC invocations=34 (full 0):
 garbage-first heap   total 182272K, used 72015K [0x0000000083200000, 0x0000000100000000)
  region size 1024K, 3 young (3072K), 3 survivors (3072K)
 Metaspace       used 55907K, committed 56192K, reserved 1114112K
  class space    used 6490K, committed 6592K, reserved 1048576K
}
Event: 30.077 GC heap before
{Heap before GC invocations=35 (full 0):
 garbage-first heap   total 182272K, used 128335K [0x0000000083200000, 0x0000000100000000)
  region size 1024K, 59 young (60416K), 3 survivors (3072K)
 Metaspace       used 57786K, committed 58112K, reserved 1114112K
  class space    used 6582K, committed 6720K, reserved 1048576K
}
Event: 30.106 GC heap after
{Heap after GC invocations=36 (full 0):
 garbage-first heap   total 182272K, used 79564K [0x0000000083200000, 0x0000000100000000)
  region size 1024K, 8 young (8192K), 8 survivors (8192K)
 Metaspace       used 57786K, committed 58112K, reserved 1114112K
  class space    used 6582K, committed 6720K, reserved 1048576K
}
Event: 30.240 GC heap before
{Heap before GC invocations=36 (full 0):
 garbage-first heap   total 182272K, used 80588K [0x0000000083200000, 0x0000000100000000)
  region size 1024K, 9 young (9216K), 8 survivors (8192K)
 Metaspace       used 57797K, committed 58112K, reserved 1114112K
  class space    used 6582K, committed 6720K, reserved 1048576K
}
Event: 30.253 GC heap after
{Heap after GC invocations=37 (full 0):
 garbage-first heap   total 182272K, used 80013K [0x0000000083200000, 0x0000000100000000)
  region size 1024K, 1 young (1024K), 1 survivors (1024K)
 Metaspace       used 57797K, committed 58112K, reserved 1114112K
  class space    used 6582K, committed 6720K, reserved 1048576K
}
Event: 35.773 GC heap before
{Heap before GC invocations=37 (full 0):
 garbage-first heap   total 182272K, used 133261K [0x0000000083200000, 0x0000000100000000)
  region size 1024K, 53 young (54272K), 1 survivors (1024K)
 Metaspace       used 58684K, committed 58944K, reserved 1114112K
  class space    used 6652K, committed 6784K, reserved 1048576K
}
Event: 35.783 GC heap after
{Heap after GC invocations=38 (full 0):
 garbage-first heap   total 182272K, used 84642K [0x0000000083200000, 0x0000000100000000)
  region size 1024K, 6 young (6144K), 6 survivors (6144K)
 Metaspace       used 58684K, committed 58944K, reserved 1114112K
  class space    used 6652K, committed 6784K, reserved 1048576K
}
Event: 39.622 GC heap before
{Heap before GC invocations=38 (full 0):
 garbage-first heap   total 182272K, used 136866K [0x0000000083200000, 0x0000000100000000)
  region size 1024K, 57 young (58368K), 6 survivors (6144K)
 Metaspace       used 59344K, committed 59584K, reserved 1114112K
  class space    used 6677K, committed 6784K, reserved 1048576K
}
Event: 39.645 GC heap after
{Heap after GC invocations=39 (full 0):
 garbage-first heap   total 182272K, used 89997K [0x0000000083200000, 0x0000000100000000)
  region size 1024K, 6 young (6144K), 6 survivors (6144K)
 Metaspace       used 59344K, committed 59584K, reserved 1114112K
  class space    used 6677K, committed 6784K, reserved 1048576K
}

Dll operation events (7 events):
Event: 0.006 Loaded shared library C:\Program Files\Microsoft\jdk-17.0.10.7-hotspot\bin\java.dll
Event: 0.027 Loaded shared library C:\Program Files\Microsoft\jdk-17.0.10.7-hotspot\bin\jsvml.dll
Event: 0.103 Loaded shared library C:\Program Files\Microsoft\jdk-17.0.10.7-hotspot\bin\net.dll
Event: 0.104 Loaded shared library C:\Program Files\Microsoft\jdk-17.0.10.7-hotspot\bin\nio.dll
Event: 0.140 Loaded shared library C:\Program Files\Microsoft\jdk-17.0.10.7-hotspot\bin\zip.dll
Event: 0.162 Loaded shared library C:\Program Files\Microsoft\jdk-17.0.10.7-hotspot\bin\jimage.dll
Event: 2.350 Loaded shared library C:\Program Files\Microsoft\jdk-17.0.10.7-hotspot\bin\verify.dll

Deoptimization events (20 events):
Event: 39.829 Thread 0x0000019c1a01d5d0 Uncommon trap: trap_request=0xffffffde fr.pc=0x0000019c29ba1fe8 relative=0x00000000000058c8
Event: 39.829 Thread 0x0000019c1a01d5d0 Uncommon trap: reason=class_check action=maybe_recompile pc=0x0000019c29ba1fe8 method=org.jetbrains.kotlin.types.AbstractTypeChecker.checkSubtypeForIntegerLiteralType(Lorg/jetbrains/kotlin/types/TypeCheckerState;Lorg/jetbrains/kotlin/types/model/SimpleTyp
Event: 39.829 Thread 0x0000019c1a01d5d0 DEOPT PACKING pc=0x0000019c29ba1fe8 sp=0x00000007f3ff8140
Event: 39.829 Thread 0x0000019c1a01d5d0 DEOPT UNPACKING pc=0x0000019c290ca1a3 sp=0x00000007f3ff8028 mode 2
Event: 39.829 Thread 0x0000019c1a01d5d0 Uncommon trap: trap_request=0xffffffde fr.pc=0x0000019c29c73a88 relative=0x00000000000015c8
Event: 39.829 Thread 0x0000019c1a01d5d0 Uncommon trap: reason=class_check action=maybe_recompile pc=0x0000019c29c73a88 method=org.jetbrains.kotlin.types.AbstractTypeChecker.checkSubtypeForSpecialCases(Lorg/jetbrains/kotlin/types/TypeCheckerState;Lorg/jetbrains/kotlin/types/model/SimpleTypeMarke
Event: 39.829 Thread 0x0000019c1a01d5d0 DEOPT PACKING pc=0x0000019c29c73a88 sp=0x00000007f3ff7c80
Event: 39.829 Thread 0x0000019c1a01d5d0 DEOPT UNPACKING pc=0x0000019c290ca1a3 sp=0x00000007f3ff7bf0 mode 2
Event: 39.832 Thread 0x0000019c1a01d5d0 Uncommon trap: trap_request=0xffffffde fr.pc=0x0000019c29c73a88 relative=0x00000000000015c8
Event: 39.832 Thread 0x0000019c1a01d5d0 Uncommon trap: reason=class_check action=maybe_recompile pc=0x0000019c29c73a88 method=org.jetbrains.kotlin.types.AbstractTypeChecker.checkSubtypeForSpecialCases(Lorg/jetbrains/kotlin/types/TypeCheckerState;Lorg/jetbrains/kotlin/types/model/SimpleTypeMarke
Event: 39.832 Thread 0x0000019c1a01d5d0 DEOPT PACKING pc=0x0000019c29c73a88 sp=0x00000007f3ff7d10
Event: 39.832 Thread 0x0000019c1a01d5d0 DEOPT UNPACKING pc=0x0000019c290ca1a3 sp=0x00000007f3ff7c80 mode 2
Event: 39.832 Thread 0x0000019c1a01d5d0 Uncommon trap: trap_request=0xffffffde fr.pc=0x0000019c29ba1fe8 relative=0x00000000000058c8
Event: 39.832 Thread 0x0000019c1a01d5d0 Uncommon trap: reason=class_check action=maybe_recompile pc=0x0000019c29ba1fe8 method=org.jetbrains.kotlin.types.AbstractTypeChecker.checkSubtypeForIntegerLiteralType(Lorg/jetbrains/kotlin/types/TypeCheckerState;Lorg/jetbrains/kotlin/types/model/SimpleTyp
Event: 39.832 Thread 0x0000019c1a01d5d0 DEOPT PACKING pc=0x0000019c29ba1fe8 sp=0x00000007f3ff7940
Event: 39.832 Thread 0x0000019c1a01d5d0 DEOPT UNPACKING pc=0x0000019c290ca1a3 sp=0x00000007f3ff7828 mode 2
Event: 39.843 Thread 0x0000019c1a01d5d0 Uncommon trap: trap_request=0xffffffde fr.pc=0x0000019c29ba1fe8 relative=0x00000000000058c8
Event: 39.843 Thread 0x0000019c1a01d5d0 Uncommon trap: reason=class_check action=maybe_recompile pc=0x0000019c29ba1fe8 method=org.jetbrains.kotlin.types.AbstractTypeChecker.checkSubtypeForIntegerLiteralType(Lorg/jetbrains/kotlin/types/TypeCheckerState;Lorg/jetbrains/kotlin/types/model/SimpleTyp
Event: 39.843 Thread 0x0000019c1a01d5d0 DEOPT PACKING pc=0x0000019c29ba1fe8 sp=0x00000007f3ff5b30
Event: 39.843 Thread 0x0000019c1a01d5d0 DEOPT UNPACKING pc=0x0000019c290ca1a3 sp=0x00000007f3ff5a18 mode 2

Classes unloaded (0 events):
No events

Classes redefined (0 events):
No events

Internal exceptions (20 events):
Event: 21.130 Thread 0x0000019c1a01d5d0 Exception <a 'java/lang/NoSuchMethodError'{0x000000008878e0d8}: 'java.lang.Object java.lang.invoke.DirectMethodHandle$Holder.invokeSpecial(java.lang.Object, java.lang.Object, java.lang.Object, java.lang.Object, int)'> (0x000000008878e0d8) 
thrown [s\src\hotspot\share\interpreter\linkResolver.cpp, line 759]
Event: 21.131 Thread 0x0000019c1a01d5d0 Exception <a 'java/lang/NoSuchMethodError'{0x0000000088791a88}: 'java.lang.Object java.lang.invoke.Invokers$Holder.linkToTargetMethod(java.lang.Object, java.lang.Object, int, java.lang.Object)'> (0x0000000088791a88) 
thrown [s\src\hotspot\share\interpreter\linkResolver.cpp, line 759]
Event: 21.141 Thread 0x0000019c1a01d5d0 Exception <a 'java/lang/NoSuchMethodError'{0x00000000887b5298}: 'java.lang.Object java.lang.invoke.DirectMethodHandle$Holder.newInvokeSpecial(java.lang.Object, int, java.lang.Object)'> (0x00000000887b5298) 
thrown [s\src\hotspot\share\interpreter\linkResolver.cpp, line 759]
Event: 21.211 Thread 0x0000019c1a01d5d0 Exception <a 'java/lang/NoSuchMethodError'{0x00000000887d4570}: 'java.lang.Object java.lang.invoke.DirectMethodHandle$Holder.newInvokeSpecial(java.lang.Object, int, java.lang.Object, java.lang.Object)'> (0x00000000887d4570) 
thrown [s\src\hotspot\share\interpreter\linkResolver.cpp, line 759]
Event: 21.212 Thread 0x0000019c1a01d5d0 Exception <a 'java/lang/NoSuchMethodError'{0x00000000887d8e70}: 'java.lang.Object java.lang.invoke.DirectMethodHandle$Holder.invokeSpecial(java.lang.Object, java.lang.Object, int, java.lang.Object, java.lang.Object)'> (0x00000000887d8e70) 
thrown [s\src\hotspot\share\interpreter\linkResolver.cpp, line 759]
Event: 21.681 Thread 0x0000019c1a01d5d0 Exception <a 'java/lang/NoSuchMethodError'{0x0000000089d347d8}: 'java.lang.Object java.lang.invoke.DirectMethodHandle$Holder.newInvokeSpecial(java.lang.Object, java.lang.Object, java.lang.Object, java.lang.Object, java.lang.Object, java.lang.Object, java.lang.Object, java.lang.Object, java.lang.Object)'> (0x0000000089d347d8) 
thrown [s\src\hotspot\share\interpreter\linkResolver.cpp, line 759]
Event: 21.681 Thread 0x0000019c1a01d5d0 Exception <a 'java/lang/NoSuchMethodError'{0x0000000089d3a340}: 'java.lang.Object java.lang.invoke.DirectMethodHandle$Holder.invokeSpecial(java.lang.Object, java.lang.Object, java.lang.Object, java.lang.Object, java.lang.Object, java.lang.Object, java.lang.Object, java.lang.Object, java.lang.Object, java.lang.Object)'> (0x0000000089d3a340) 
thrown [s\src\hotspot\share\interpreter\linkResolver.cpp, line 759]
Event: 21.681 Thread 0x0000019c1a01d5d0 Exception <a 'java/lang/NoSuchMethodError'{0x0000000089d3ee58}: 'java.lang.Object java.lang.invoke.Invokers$Holder.linkToTargetMethod(java.lang.Object, java.lang.Object, java.lang.Object, java.lang.Object, java.lang.Object, java.lang.Object, java.lang.Object, java.lang.Object, java.lang.Object)'> (0x0000000089d3ee58) 
thrown [s\src\hotspot\share\interpreter\linkResolver.cpp, line 759]
Event: 21.713 Thread 0x0000019c1a01d5d0 Exception <a 'java/lang/NoSuchMethodError'{0x0000000089dd4768}: 'java.lang.Object java.lang.invoke.DirectMethodHandle$Holder.invokeStatic(java.lang.Object, java.lang.Object, java.lang.Object, int, java.lang.Object, java.lang.Object)'> (0x0000000089dd4768) 
thrown [s\src\hotspot\share\interpreter\linkResolver.cpp, line 759]
Event: 21.726 Thread 0x0000019c1a01d5d0 Exception <a 'java/lang/NoSuchMethodError'{0x0000000089dfe720}: 'java.lang.Object java.lang.invoke.DirectMethodHandle$Holder.invokeStatic(java.lang.Object, int, java.lang.Object)'> (0x0000000089dfe720) 
thrown [s\src\hotspot\share\interpreter\linkResolver.cpp, line 759]
Event: 22.928 Thread 0x0000019c1a01d5d0 Exception <a 'java/lang/NoSuchMethodError'{0x000000008985ea00}: 'java.lang.Object java.lang.invoke.DirectMethodHandle$Holder.newInvokeSpecial(java.lang.Object, java.lang.Object, java.lang.Object, java.lang.Object, java.lang.Object, int)'> (0x000000008985ea00) 
thrown [s\src\hotspot\share\interpreter\linkResolver.cpp, line 759]
Event: 22.928 Thread 0x0000019c1a01d5d0 Exception <a 'java/lang/NoSuchMethodError'{0x0000000089863bb0}: 'java.lang.Object java.lang.invoke.DirectMethodHandle$Holder.invokeSpecial(java.lang.Object, java.lang.Object, java.lang.Object, java.lang.Object, java.lang.Object, java.lang.Object, int)'> (0x0000000089863bb0) 
thrown [s\src\hotspot\share\interpreter\linkResolver.cpp, line 759]
Event: 22.928 Thread 0x0000019c1a01d5d0 Exception <a 'java/lang/NoSuchMethodError'{0x00000000898686e8}: 'java.lang.Object java.lang.invoke.Invokers$Holder.linkToTargetMethod(java.lang.Object, java.lang.Object, java.lang.Object, java.lang.Object, int, java.lang.Object)'> (0x00000000898686e8) 
thrown [s\src\hotspot\share\interpreter\linkResolver.cpp, line 759]
Event: 25.835 Thread 0x0000019c1a01d5d0 Exception <a 'java/lang/NoSuchMethodError'{0x000000008da0d6d0}: 'java.lang.Object java.lang.invoke.DirectMethodHandle$Holder.invokeStatic(java.lang.Object, int, java.lang.Object, java.lang.Object)'> (0x000000008da0d6d0) 
thrown [s\src\hotspot\share\interpreter\linkResolver.cpp, line 759]
Event: 25.974 Thread 0x0000019c1a01d5d0 Exception <a 'java/lang/NoSuchMethodError'{0x000000008d9bafc0}: 'java.lang.Object java.lang.invoke.DirectMethodHandle$Holder.newInvokeSpecial(java.lang.Object, int, java.lang.Object, java.lang.Object, java.lang.Object)'> (0x000000008d9bafc0) 
thrown [s\src\hotspot\share\interpreter\linkResolver.cpp, line 759]
Event: 25.974 Thread 0x0000019c1a01d5d0 Exception <a 'java/lang/NoSuchMethodError'{0x000000008d9bf9b0}: 'java.lang.Object java.lang.invoke.DirectMethodHandle$Holder.invokeSpecial(java.lang.Object, java.lang.Object, int, java.lang.Object, java.lang.Object, java.lang.Object)'> (0x000000008d9bf9b0) 
thrown [s\src\hotspot\share\interpreter\linkResolver.cpp, line 759]
Event: 25.975 Thread 0x0000019c1a01d5d0 Exception <a 'java/lang/NoSuchMethodError'{0x000000008d9c39a8}: 'java.lang.Object java.lang.invoke.Invokers$Holder.linkToTargetMethod(int, java.lang.Object, java.lang.Object, java.lang.Object, java.lang.Object)'> (0x000000008d9c39a8) 
thrown [s\src\hotspot\share\interpreter\linkResolver.cpp, line 759]
Event: 26.630 Thread 0x0000019c1a01d5d0 Exception <a 'java/lang/NoSuchMethodError'{0x000000008d17e4e0}: 'java.lang.Object java.lang.invoke.DirectMethodHandle$Holder.newInvokeSpecial(java.lang.Object, java.lang.Object, java.lang.Object, java.lang.Object, java.lang.Object, java.lang.Object, int)'> (0x000000008d17e4e0) 
thrown [s\src\hotspot\share\interpreter\linkResolver.cpp, line 759]
Event: 26.630 Thread 0x0000019c1a01d5d0 Exception <a 'java/lang/NoSuchMethodError'{0x000000008d183f20}: 'java.lang.Object java.lang.invoke.DirectMethodHandle$Holder.invokeSpecial(java.lang.Object, java.lang.Object, java.lang.Object, java.lang.Object, java.lang.Object, java.lang.Object, java.lang.Object, int)'> (0x000000008d183f20) 
thrown [s\src\hotspot\share\interpreter\linkResolver.cpp, line 759]
Event: 28.495 Thread 0x0000019c1a01d5d0 Implicit null exception at 0x0000019c299de190 to 0x0000019c299de9d0

VM Operations (20 events):
Event: 33.957 Executing VM operation: ICBufferFull
Event: 33.957 Executing VM operation: ICBufferFull done
Event: 34.972 Executing VM operation: Cleanup
Event: 34.988 Executing VM operation: Cleanup done
Event: 35.773 Executing VM operation: G1CollectForAllocation
Event: 35.783 Executing VM operation: G1CollectForAllocation done
Event: 36.807 Executing VM operation: Cleanup
Event: 36.819 Executing VM operation: Cleanup done
Event: 37.819 Executing VM operation: Cleanup
Event: 37.819 Executing VM operation: Cleanup done
Event: 37.916 Executing VM operation: HandshakeAllThreads
Event: 37.916 Executing VM operation: HandshakeAllThreads done
Event: 38.184 Executing VM operation: HandshakeAllThreads
Event: 38.184 Executing VM operation: HandshakeAllThreads done
Event: 38.369 Executing VM operation: ICBufferFull
Event: 38.369 Executing VM operation: ICBufferFull done
Event: 39.386 Executing VM operation: Cleanup
Event: 39.436 Executing VM operation: Cleanup done
Event: 39.622 Executing VM operation: G1CollectForAllocation
Event: 39.645 Executing VM operation: G1CollectForAllocation done

Events (20 events):
Event: 31.025 Thread 0x0000019c37bc5f30 flushing nmethod 0x0000019c22db8190
Event: 31.025 Thread 0x0000019c37bc5f30 flushing nmethod 0x0000019c22dccd10
Event: 31.026 Thread 0x0000019c37bc5f30 flushing nmethod 0x0000019c22ebf410
Event: 31.026 Thread 0x0000019c37bc5f30 flushing nmethod 0x0000019c22ff4c90
Event: 31.026 Thread 0x0000019c37bc5f30 flushing nmethod 0x0000019c2309e690
Event: 31.027 Thread 0x0000019c37bc5f30 flushing nmethod 0x0000019c231c9190
Event: 31.027 Thread 0x0000019c37bc5f30 flushing nmethod 0x0000019c23269510
Event: 31.027 Thread 0x0000019c37bc5f30 flushing nmethod 0x0000019c23295310
Event: 31.027 Thread 0x0000019c37bc5f30 flushing nmethod 0x0000019c23296190
Event: 31.029 Thread 0x0000019c37bc5f30 flushing nmethod 0x0000019c23541490
Event: 31.029 Thread 0x0000019c37bc5f30 flushing nmethod 0x0000019c23542310
Event: 38.186 Thread 0x0000019c37bc5f30 flushing nmethod 0x0000019c29a9bf90
Event: 38.187 Thread 0x0000019c37bc5f30 flushing nmethod 0x0000019c21c3b410
Event: 38.196 Thread 0x0000019c37bc5f30 flushing nmethod 0x0000019c22a59490
Event: 38.196 Thread 0x0000019c37bc5f30 flushing nmethod 0x0000019c22aa3f90
Event: 38.196 Thread 0x0000019c37bc5f30 flushing nmethod 0x0000019c22b0da90
Event: 38.197 Thread 0x0000019c37bc5f30 flushing nmethod 0x0000019c22b74090
Event: 38.198 Thread 0x0000019c37bc5f30 flushing nmethod 0x0000019c22d63490
Event: 38.198 Thread 0x0000019c37bc5f30 flushing nmethod 0x0000019c22dcf190
Event: 38.199 Thread 0x0000019c37bc5f30 flushing nmethod 0x0000019c2302d790


Dynamic libraries:
0x00007ff7c2100000 - 0x00007ff7c210e000 	C:\Program Files\Microsoft\jdk-17.0.10.7-hotspot\bin\java.exe
0x00007fff9bf00000 - 0x00007fff9c107000 	C:\Windows\SYSTEM32\ntdll.dll
0x00007fff9a940000 - 0x00007fff9a9fd000 	C:\Windows\System32\KERNEL32.DLL
0x00007fff997f0000 - 0x00007fff99b62000 	C:\Windows\System32\KERNELBASE.dll
0x00007fff99420000 - 0x00007fff99531000 	C:\Windows\System32\ucrtbase.dll
0x00007fff8cc70000 - 0x00007fff8cc87000 	C:\Program Files\Microsoft\jdk-17.0.10.7-hotspot\bin\jli.dll
0x00007fff9aaa0000 - 0x00007fff9ac4c000 	C:\Windows\System32\USER32.dll
0x00007fff99600000 - 0x00007fff99626000 	C:\Windows\System32\win32u.dll
0x00007fff9bd00000 - 0x00007fff9bd29000 	C:\Windows\System32\GDI32.dll
0x00007fff99630000 - 0x00007fff99742000 	C:\Windows\System32\gdi32full.dll
0x00007fff99750000 - 0x00007fff997ed000 	C:\Windows\System32\msvcp_win.dll
0x00007fff8c2c0000 - 0x00007fff8c2db000 	C:\Program Files\Microsoft\jdk-17.0.10.7-hotspot\bin\VCRUNTIME140.dll
0x00007fff85400000 - 0x00007fff856a5000 	C:\Windows\WinSxS\amd64_microsoft.windows.common-controls_6595b64144ccf1df_6.0.21996.1_none_7d6b053978bcd706\COMCTL32.dll
0x00007fff9a880000 - 0x00007fff9a923000 	C:\Windows\System32\msvcrt.dll
0x00007fff9a010000 - 0x00007fff9a041000 	C:\Windows\System32\IMM32.DLL
0x00007fff8c820000 - 0x00007fff8c82c000 	C:\Program Files\Microsoft\jdk-17.0.10.7-hotspot\bin\vcruntime140_1.dll
0x00007fff621f0000 - 0x00007fff6227d000 	C:\Program Files\Microsoft\jdk-17.0.10.7-hotspot\bin\msvcp140.dll
0x00007fff49450000 - 0x00007fff4a0b5000 	C:\Program Files\Microsoft\jdk-17.0.10.7-hotspot\bin\server\jvm.dll
0x00007fff9bd30000 - 0x00007fff9bddc000 	C:\Windows\System32\ADVAPI32.dll
0x00007fff9aa00000 - 0x00007fff9aa9d000 	C:\Windows\System32\sechost.dll
0x00007fff9a630000 - 0x00007fff9a751000 	C:\Windows\System32\RPCRT4.dll
0x00007fff97f90000 - 0x00007fff97fdd000 	C:\Windows\SYSTEM32\POWRPROF.dll
0x00007fff7e940000 - 0x00007fff7e949000 	C:\Windows\SYSTEM32\WSOCK32.dll
0x00007fff9a760000 - 0x00007fff9a7cf000 	C:\Windows\System32\WS2_32.dll
0x00007fff90bc0000 - 0x00007fff90bf3000 	C:\Windows\SYSTEM32\WINMM.dll
0x00007fff8b500000 - 0x00007fff8b50a000 	C:\Windows\SYSTEM32\VERSION.dll
0x00007fff97f40000 - 0x00007fff97f53000 	C:\Windows\SYSTEM32\UMPDC.dll
0x00007fff98640000 - 0x00007fff98657000 	C:\Windows\SYSTEM32\kernel.appcore.dll
0x00007fff8bd40000 - 0x00007fff8bd4a000 	C:\Program Files\Microsoft\jdk-17.0.10.7-hotspot\bin\jimage.dll
0x00007fff96f20000 - 0x00007fff97141000 	C:\Windows\SYSTEM32\DBGHELP.DLL
0x00007fff7e8a0000 - 0x00007fff7e8d1000 	C:\Windows\SYSTEM32\dbgcore.DLL
0x00007fff99b70000 - 0x00007fff99bf0000 	C:\Windows\System32\bcryptPrimitives.dll
0x00007fff8bd10000 - 0x00007fff8bd35000 	C:\Program Files\Microsoft\jdk-17.0.10.7-hotspot\bin\java.dll
0x00007fff60c20000 - 0x00007fff60cf7000 	C:\Program Files\Microsoft\jdk-17.0.10.7-hotspot\bin\jsvml.dll
0x00007fff9b370000 - 0x00007fff9bad9000 	C:\Windows\System32\SHELL32.dll
0x00007fff975e0000 - 0x00007fff97e38000 	C:\Windows\SYSTEM32\windows.storage.dll
0x00007fff9adf0000 - 0x00007fff9b165000 	C:\Windows\System32\combase.dll
0x00007fff97470000 - 0x00007fff975d6000 	C:\Windows\SYSTEM32\wintypes.dll
0x00007fff99dd0000 - 0x00007fff99eba000 	C:\Windows\System32\SHCORE.dll
0x00007fff99f80000 - 0x00007fff99fdd000 	C:\Windows\System32\shlwapi.dll
0x00007fff99350000 - 0x00007fff99371000 	C:\Windows\SYSTEM32\profapi.dll
0x00007fff86df0000 - 0x00007fff86e09000 	C:\Program Files\Microsoft\jdk-17.0.10.7-hotspot\bin\net.dll
0x00007fff923e0000 - 0x00007fff924ec000 	C:\Windows\SYSTEM32\WINHTTP.dll
0x00007fff98a50000 - 0x00007fff98ab7000 	C:\Windows\system32\mswsock.dll
0x00007fff86a40000 - 0x00007fff86a56000 	C:\Program Files\Microsoft\jdk-17.0.10.7-hotspot\bin\nio.dll
0x00007fff85b30000 - 0x00007fff85b48000 	C:\Program Files\Microsoft\jdk-17.0.10.7-hotspot\bin\zip.dll
0x00007fff8bcc0000 - 0x00007fff8bcd0000 	C:\Program Files\Microsoft\jdk-17.0.10.7-hotspot\bin\verify.dll

dbghelp: loaded successfully - version: 4.0.5 - missing functions: none
symbol engine: initialized successfully - sym options: 0x614 - pdb path: .;C:\Program Files\Microsoft\jdk-17.0.10.7-hotspot\bin;C:\Windows\SYSTEM32;C:\Windows\WinSxS\amd64_microsoft.windows.common-controls_6595b64144ccf1df_6.0.21996.1_none_7d6b053978bcd706;C:\Program Files\Microsoft\jdk-17.0.10.7-hotspot\bin\server

VM Arguments:
java_command: org.jetbrains.kotlin.cli.jvm.K2JVMCompiler @D:\Abhishek\APPS\RentApp\node_modules\react-native-screens\android\build\20250616_3511936347690447997.compiler.options
java_class_path (initial): C:\Users\Lenovo\.gradle\caches\modules-2\files-2.1\org.jetbrains.kotlin\kotlin-compiler-embeddable\2.0.21\79346ed53db48b18312a472602eb5c057070c54d\kotlin-compiler-embeddable-2.0.21.jar;C:\Users\Lenovo\.gradle\caches\modules-2\files-2.1\org.jetbrains.kotlin\kotlin-stdlib\2.0.21\618b539767b4899b4660a83006e052b63f1db551\kotlin-stdlib-2.0.21.jar;C:\Users\Lenovo\.gradle\caches\modules-2\files-2.1\org.jetbrains.kotlin\kotlin-script-runtime\2.0.21\c9b044380ad41f89aa89aa896c2d32a8c0b2129d\kotlin-script-runtime-2.0.21.jar;C:\Users\Lenovo\.gradle\caches\modules-2\files-2.1\org.jetbrains.kotlin\kotlin-reflect\1.6.10\1cbe9c92c12a94eea200d23c2bbaedaf3daf5132\kotlin-reflect-1.6.10.jar;C:\Users\Lenovo\.gradle\caches\modules-2\files-2.1\org.jetbrains.kotlin\kotlin-daemon-embeddable\2.0.21\c9e933b23287de9b5a17e2116b4657bb91aea72c\kotlin-daemon-embeddable-2.0.21.jar;C:\Users\Lenovo\.gradle\caches\modules-2\files-2.1\org.jetbrains.intellij.deps\trove4j\1.0.20200330\3afb14d5f9ceb459d724e907a21145e8ff394f02\trove4j-1.0.20200330.jar;C:\Users\Lenovo\.gradle\caches\modules-2\files-2.1\org.jetbrains.kotlinx\kotlinx-coroutines-core-jvm\1.6.4\2c997cd1c0ef33f3e751d3831929aeff1390cb30\kotlinx-coroutines-core-jvm-1.6.4.jar;C:\Users\Lenovo\.gradle\caches\modules-2\files-2.1\org.jetbrains\annotations\13.0\919f0dfe192fb4e063e7dacadee7f8bb9a2672a9\annotations-13.0.jar
Launcher Type: SUN_STANDARD

[Global flags]
     intx CICompilerCount                          = 3                                         {product} {ergonomic}
     uint ConcGCThreads                            = 1                                         {product} {ergonomic}
     uint G1ConcRefinementThreads                  = 4                                         {product} {ergonomic}
   size_t G1HeapRegionSize                         = 1048576                                   {product} {ergonomic}
    uintx GCDrainStackTargetSize                   = 64                                        {product} {ergonomic}
   size_t InitialHeapSize                          = 132120576                                 {product} {ergonomic}
   size_t MarkStackSize                            = 4194304                                   {product} {ergonomic}
   size_t MaxHeapSize                              = 2095054848                                {product} {ergonomic}
   size_t MaxNewSize                               = 1256194048                                {product} {ergonomic}
   size_t MinHeapDeltaBytes                        = 1048576                                   {product} {ergonomic}
   size_t MinHeapSize                              = 8388608                                   {product} {ergonomic}
    uintx NonNMethodCodeHeapSize                   = 5832780                                {pd product} {ergonomic}
    uintx NonProfiledCodeHeapSize                  = 122912730                              {pd product} {ergonomic}
    uintx ProfiledCodeHeapSize                     = 122912730                              {pd product} {ergonomic}
    uintx ReservedCodeCacheSize                    = 251658240                              {pd product} {ergonomic}
     bool SegmentedCodeCache                       = true                                      {product} {ergonomic}
   size_t SoftMaxHeapSize                          = 2095054848                             {manageable} {ergonomic}
     bool UseCompressedClassPointers               = true                           {product lp64_product} {ergonomic}
     bool UseCompressedOops                        = true                           {product lp64_product} {ergonomic}
     bool UseG1GC                                  = true                                      {product} {ergonomic}
     bool UseLargePagesIndividualAllocation        = false                                  {pd product} {ergonomic}

Logging:
Log output configuration:
 #0: stdout all=warning uptime,level,tags
 #1: stderr all=off uptime,level,tags

Environment Variables:
JAVA_HOME=C:\Program Files\Microsoft\jdk-17.0.10.7-hotspot
PATH=C:\Users\Lenovo\bin;C:\Program Files\Git\mingw64\bin;C:\Program Files\Git\usr\local\bin;C:\Program Files\Git\usr\bin;C:\Program Files\Git\usr\bin;C:\Program Files\Git\mingw64\bin;C:\Program Files\Git\usr\bin;C:\Users\Lenovo\bin;C:\Program Files\Microsoft\jdk-17.0.10.7-hotspot;C:\Python312\Scripts;C:\Python312;C:\Program Files\Common Files\Oracle\Java\javapath;C:\Windows\system32;C:\Windows;C:\Windows\System32\Wbem;C:\Windows\System32\WindowsPowerShell\v1.0;C:\Windows\System32\OpenSSH;C:\Program Files\Git\cmd;C:\Program Files\MongoDB\Server\6.0\bin;C:\MinGW\bin;C:\Program Files\Java\jdk-20\bin;C:\Program Files\MySQL\MySQL Server 8.0\bin;C:\ProgramData\chocolatey\bin;C:\Users\Lenovo\AppData\Local\Android\Sdk\platform-tools;C:\Users\Lenovo\AppData\Roaming\nvm;C:\Program Files\nodejs;C:\Program Files\nodejs;C:\Users\Lenovo\AppData\Local\Android\Sdk\tools;C:\Users\Lenovo\AppData\Local\Android\Sdk\tools\bin;C:\Users\Lenovo\AppData\Local\Android\Sdk\platform-tools;C:\Program Files\PostgreSQL\15\bin;C:\Program Files\MySQL\MySQL Shell 8.0\bin;C:\Users\Lenovo\AppData\Local\Programs\Python\Python311\Scripts;C:\Users\Lenovo\AppData\Local\Programs\Python\Python311;C:\Users\Lenovo\AppData\Local\Microsoft\WindowsApps;C:\Users\Lenovo\AppData\Local\Programs\Microsoft VS Code\bin;C:\Program Files\MongoDB\Server\6.0\bin;C:\Program Files\MongoDB\Server\6.0\bin;C:\mongosh-1.10.0-win32-x64\bin;C:\Program Files\Java\jdk-20\bin;C:\Program Files\JetBrains\IntelliJ IDEA Educational Edition 2022.2.2\bin;C:\Users\Lenovo\AppData\Roaming\nvm;C:\Program Files\nodejs;C:\Users\Lenovo\AppData\Roaming\npm;C:\Program Files\Microsoft\jdk-17.0.10.7-hotspot;C:\Program Files\Git\usr\bin\vendor_perl;C:\Program Files\Git\usr\bin\core_perl
USERNAME=Lenovo
SHELL=C:\Program Files\Git\usr\bin\bash.exe
DISPLAY=needs-to-be-defined
LANG=en_US.UTF-8
TERM=xterm-256color
TMPDIR=C:\Users\Lenovo\AppData\Local\Temp
OS=Windows_NT
PROCESSOR_IDENTIFIER=Intel64 Family 6 Model 140 Stepping 1, GenuineIntel
TMP=C:\Users\Lenovo\AppData\Local\Temp
TEMP=C:\Users\Lenovo\AppData\Local\Temp



Periodic native trim disabled


---------------  S Y S T E M  ---------------

OS:
 Windows 10 , 64 bit Build 21996 (10.0.21996.1)
OS uptime: 6 days 0:03 hours

CPU: total 4 (initial active 4) (2 cores per cpu, 2 threads per core) family 6 model 140 stepping 1 microcode 0x8a, cx8, cmov, fxsr, ht, mmx, 3dnowpref, sse, sse2, sse3, ssse3, sse4.1, sse4.2, popcnt, lzcnt, tsc, tscinvbit, avx, avx2, aes, erms, clmul, bmi1, bmi2, adx, avx512f, avx512dq, avx512cd, avx512bw, avx512vl, sha, fma, vzeroupper, avx512_vpopcntdq, avx512_vpclmulqdq, avx512_vaes, avx512_vnni, clflush, clflushopt, clwb, avx512_vbmi2, avx512_vbmi
Processor Information for all 4 processors :
  Max Mhz: 2995, Current Mhz: 2995, Mhz Limit: 2995

Memory: 4k page, system-wide physical 7991M (302M free)
TotalPageFile size 32567M (AvailPageFile size 5M)
current process WorkingSet (physical memory assigned to process): 395M, peak: 398M
current process commit charge ("private bytes"): 429M, peak: 435M

vm_info: OpenJDK 64-Bit Server VM (17.0.10+7-LTS) for windows-amd64 JRE (17.0.10+7-LTS), built on Jan 10 2024 19:47:12 by "MicrosoftCorporation" with MS VC++ 16.10 / 16.11 (VS2019)

END.
